200520 224514.021|CONFIG|Thread-10|setFileHandlers|Now logging to C:\Users\demid\Desktop\diplom\pc2v9-PC2_RELEASE_9_6_x\pc2\logs directory.
200520 224514.022|INFO|Thread-10|info|
200520 224514.109|INFO|Thread-10|info|Version 9 () Java ver 1.8.0_141 build  Windows 10 10.0 (amd64) 
200520 224514.109|INFO|Thread-10|info|Login: root (aka administrator1)
200520 224514.109|INFO|Thread-10|startLog|Working directory is C:\Users\demid\Desktop\diplom\pc2v9-PC2_RELEASE_9_6_x\pc2
200520 224514.109|INFO|Thread-10|startLog|Process id is 6568@DESKTOP-PII08I3
200520 224514.110|INFO|Thread-10|info|Contacting server at localhost:50002 as ADMINISTRATOR1 @ site 0
200520 224514.111|INFO|Thread-10|info|sendLoginRequest start - sending from ADMINISTRATOR1 @ site 0
200520 224514.111|INFO|Thread-10|sendToLocalServer|Sending packet to server Packet[LOGIN_REQUEST] #3 ADMINISTRATOR1 @ site 0 -> SERVER0 @ site 0
200520 224514.112|INFO|Thread-10|sendToLocalServer|Sent    packet to server Packet[LOGIN_REQUEST] #3 ADMINISTRATOR1 @ site 0 -> SERVER0 @ site 0
200520 224514.112|INFO|Thread-10|info|sendLoginRequest end - packet sent.
200520 224514.115|INFO|Thread-14|run|send(Serializable)
200520 224514.179|INFO|Thread-12|receive|public void receive(SealedObject TransportPacket, ConnectionHandlerID connectionHandlerID)
200520 224514.182|INFO|Thread-12|receive|public void receive(SealedObject TransportPacket, ConnectionHandlerID connectionHandlerID)
200520 224514.197|INFO|Thread-15|info| receiveObject(S) start got Packet[LOGIN] #33 SERVER0 @ site 1 -> SERVER0 @ site 0
200520 224514.199|INFO|Thread-15|dumpPacket|Packet LOGIN (Seq #33, o#33 ) recieveObject
200520 224514.199|INFO|Thread-15|dumpPacket|  From: SERVER0 @ site 1, oSERVER0 @ site 1 (DESKTOP-PII08I3 @ 192.168.42.152) (Contest Id: Default--733014880925450290)
200520 224514.199|INFO|Thread-15|dumpPacket|    To: SERVER0 @ site 0
200520 224514.199|INFO|Thread-15|dumpPacket|   key: CLIENT_SETTINGS is: edu.csus.ecs.pc2.core.model.ClientSettings edu.csus.ecs.pc2.core.model.ClientSettings@2f13bb37
200520 224514.199|INFO|Thread-15|dumpPacket|   key: CONNECTION_HANDLE_ID is: edu.csus.ecs.pc2.core.transport.ConnectionHandlerID Socket[addr=/127.0.0.1,port=59676,localport=50002]-3561834776543736208
200520 224514.200|INFO|Thread-15|dumpPacket|   key: CLIENT_ID is: edu.csus.ecs.pc2.core.model.ClientId ADMINISTRATOR1 @ site 1
200520 224514.200|INFO|Thread-15|info|handlePacket start Packet[LOGIN] #33 SERVER0 @ site 1 -> SERVER0 @ site 0
200520 224514.200|INFO|Thread-15|dumpPacket|Packet LOGIN (Seq #33, o#33 ) handlePacket
200520 224514.200|INFO|Thread-15|dumpPacket|  From: SERVER0 @ site 1, oSERVER0 @ site 1 (DESKTOP-PII08I3 @ 192.168.42.152) (Contest Id: Default--733014880925450290)
200520 224514.200|INFO|Thread-15|dumpPacket|    To: SERVER0 @ site 0
200520 224514.200|INFO|Thread-15|dumpPacket|   key: CLIENT_SETTINGS is: edu.csus.ecs.pc2.core.model.ClientSettings edu.csus.ecs.pc2.core.model.ClientSettings@2f13bb37
200520 224514.200|INFO|Thread-15|dumpPacket|   key: CONNECTION_HANDLE_ID is: edu.csus.ecs.pc2.core.transport.ConnectionHandlerID Socket[addr=/127.0.0.1,port=59676,localport=50002]-3561834776543736208
200520 224514.200|INFO|Thread-15|dumpPacket|   key: CLIENT_ID is: edu.csus.ecs.pc2.core.model.ClientId ADMINISTRATOR1 @ site 1
200520 224514.200|INFO|Thread-15|info|Note: got a LOGIN packet before this site was logged in Packet[LOGIN] #33 SERVER0 @ site 1 -> SERVER0 @ site 0
200520 224514.200|INFO|Thread-15|info|handlePacket end Packet[LOGIN] #33 SERVER0 @ site 1 -> SERVER0 @ site 0
200520 224514.200|INFO|Thread-15|info| receiveObject(S) end   got Packet[LOGIN] #33 SERVER0 @ site 1 -> SERVER0 @ site 0
200520 224514.199|INFO|Thread-16|info| receiveObject(S) start got Packet[LOGIN_SUCCESS] #32 SERVER0 @ site 1 -> ADMINISTRATOR1 @ site 1
200520 224514.201|INFO|Thread-16|dumpPacket|Packet LOGIN_SUCCESS (Seq #32, o#32 ) recieveObject
200520 224514.201|INFO|Thread-16|dumpPacket|  From: SERVER0 @ site 1, oSERVER0 @ site 1 (DESKTOP-PII08I3 @ 192.168.42.152) (Contest Id: Default--733014880925450290)
200520 224514.201|INFO|Thread-16|dumpPacket|    To: ADMINISTRATOR1 @ site 1
200520 224514.201|INFO|Thread-16|dumpPacket|   key: CLARIFICATION_LIST is: [Ledu.csus.ecs.pc2.core.model.Clarification; [Ledu.csus.ecs.pc2.core.model.Clarification;@f577dae
200520 224514.201|INFO|Thread-16|dumpPacket|   key: JUDGEMENT_LIST is: [Ledu.csus.ecs.pc2.core.model.Judgement; [Ledu.csus.ecs.pc2.core.model.Judgement;@1908234
200520 224514.202|INFO|Thread-16|dumpPacket|   key: GENERAL_PROBLEM is: edu.csus.ecs.pc2.core.model.Problem General
200520 224514.202|INFO|Thread-16|dumpPacket|   key: LANGUAGE_LIST is: [Ledu.csus.ecs.pc2.core.model.Language; [Ledu.csus.ecs.pc2.core.model.Language;@5af16de
200520 224514.202|INFO|Thread-16|dumpPacket|   key: SITE_LIST is: [Ledu.csus.ecs.pc2.core.model.Site; [Ledu.csus.ecs.pc2.core.model.Site;@40ad880f
200520 224514.202|INFO|Thread-16|dumpPacket|   key: GROUP_LIST is: [Ledu.csus.ecs.pc2.core.model.Group; [Ledu.csus.ecs.pc2.core.model.Group;@74a327b9
200520 224514.202|INFO|Thread-16|dumpPacket|   key: CONTEST_TIME_LIST is: [Ledu.csus.ecs.pc2.core.model.ContestTime; [Ledu.csus.ecs.pc2.core.model.ContestTime;@71278a3b
200520 224514.202|INFO|Thread-16|dumpPacket|   key: CONTEST_INFORMATION is: edu.csus.ecs.pc2.core.model.ContestInformation edu.csus.ecs.pc2.core.model.ContestInformation@cc37b27
200520 224514.202|INFO|Thread-16|dumpPacket|   key: CONTEST_TIME is: edu.csus.ecs.pc2.core.model.ContestTime edu.csus.ecs.pc2.core.model.ContestTime@20827740
200520 224514.202|INFO|Thread-16|dumpPacket|   key: REMOTE_LOGGED_IN_USERS is: [Ledu.csus.ecs.pc2.core.model.ClientId; [Ledu.csus.ecs.pc2.core.model.ClientId;@4d710206
200520 224514.203|INFO|Thread-16|dumpPacket|   key: CONNECTION_HANDLE_ID_LIST is: [Ledu.csus.ecs.pc2.core.transport.ConnectionHandlerID; [Ledu.csus.ecs.pc2.core.transport.ConnectionHandlerID;@4a2fc1
200520 224514.203|INFO|Thread-16|dumpPacket|   key: BALLOON_SETTINGS_LIST is: [Ledu.csus.ecs.pc2.core.model.BalloonSettings; [Ledu.csus.ecs.pc2.core.model.BalloonSettings;@17c776ac
200520 224514.203|INFO|Thread-16|dumpPacket|   key: PROFILE is: edu.csus.ecs.pc2.core.model.Profile Default-5939694089272908838
200520 224514.203|INFO|Thread-16|dumpPacket|   key: RUN_LIST is: [Ledu.csus.ecs.pc2.core.model.Run; [Ledu.csus.ecs.pc2.core.model.Run;@24cc2b63
200520 224514.203|INFO|Thread-16|dumpPacket|   key: PROFILE_LIST is: [Ledu.csus.ecs.pc2.core.model.Profile; [Ledu.csus.ecs.pc2.core.model.Profile;@61686cce
200520 224514.203|INFO|Thread-16|dumpPacket|   key: LOCAL_LOGGED_IN_USERS is: [Ledu.csus.ecs.pc2.core.model.ClientId; [Ledu.csus.ecs.pc2.core.model.ClientId;@300d7305
200520 224514.203|INFO|Thread-16|dumpPacket|   key: ACCOUNT_ARRAY is: [Ledu.csus.ecs.pc2.core.model.Account; [Ledu.csus.ecs.pc2.core.model.Account;@1cd311be
200520 224514.203|INFO|Thread-16|dumpPacket|   key: CLIENT_SETTINGS_LIST is: [Ledu.csus.ecs.pc2.core.model.ClientSettings; [Ledu.csus.ecs.pc2.core.model.ClientSettings;@5981a674
200520 224514.203|INFO|Thread-16|dumpPacket|   key: SITE_NUMBER is: java.lang.Integer 1
200520 224514.203|INFO|Thread-16|dumpPacket|   key: SERVER_CLOCK_OFFSET is: java.util.GregorianCalendar java.util.GregorianCalendar[time=1589989514149,areFieldsSet=true,areAllFieldsSet=false,lenient=true,zone=sun.util.calendar.ZoneInfo[id="GMT",offset=0,dstSavings=0,useDaylight=false,transitions=0,lastRule=null],firstDayOfWeek=2,minimalDaysInFirstWeek=4,ERA=1,YEAR=2020,MONTH=4,WEEK_OF_YEAR=21,WEEK_OF_MONTH=3,DAY_OF_MONTH=20,DAY_OF_YEAR=141,DAY_OF_WEEK=4,DAY_OF_WEEK_IN_MONTH=3,AM_PM=1,HOUR=3,HOUR_OF_DAY=15,MINUTE=45,SECOND=14,MILLISECOND=149,ZONE_OFFSET=0,DST_OFFSET=0]
200520 224514.204|INFO|Thread-16|dumpPacket|   key: CATEGORY_LIST is: [Ledu.csus.ecs.pc2.core.model.Category; [Ledu.csus.ecs.pc2.core.model.Category;@7badbf96
200520 224514.204|INFO|Thread-16|dumpPacket|   key: PROBLEM_DATA_FILES is: [Ledu.csus.ecs.pc2.core.model.ProblemDataFiles; [Ledu.csus.ecs.pc2.core.model.ProblemDataFiles;@20637ebd
200520 224514.204|INFO|Thread-16|dumpPacket|   key: CONTEST_IDENTIFIER is: java.lang.String Default--733014880925450290
200520 224514.204|INFO|Thread-16|dumpPacket|   key: CLIENT_ID is: edu.csus.ecs.pc2.core.model.ClientId ADMINISTRATOR1 @ site 1
200520 224514.204|INFO|Thread-16|dumpPacket|   key: PROBLEM_LIST is: [Ledu.csus.ecs.pc2.core.model.Problem; [Ledu.csus.ecs.pc2.core.model.Problem;@2439c5ee
200520 224514.204|INFO|Thread-16|info|handlePacket start Packet[LOGIN_SUCCESS] #32 SERVER0 @ site 1 -> ADMINISTRATOR1 @ site 1
200520 224514.205|INFO|Thread-16|dumpPacket|Packet LOGIN_SUCCESS (Seq #32, o#32 ) handlePacket
200520 224514.205|INFO|Thread-16|dumpPacket|  From: SERVER0 @ site 1, oSERVER0 @ site 1 (DESKTOP-PII08I3 @ 192.168.42.152) (Contest Id: Default--733014880925450290)
200520 224514.205|INFO|Thread-16|dumpPacket|    To: ADMINISTRATOR1 @ site 1
200520 224514.207|INFO|Thread-16|dumpPacket|   key: CLARIFICATION_LIST is: [Ledu.csus.ecs.pc2.core.model.Clarification; [Ledu.csus.ecs.pc2.core.model.Clarification;@f577dae
200520 224514.207|INFO|Thread-16|dumpPacket|   key: JUDGEMENT_LIST is: [Ledu.csus.ecs.pc2.core.model.Judgement; [Ledu.csus.ecs.pc2.core.model.Judgement;@1908234
200520 224514.207|INFO|Thread-16|dumpPacket|   key: GENERAL_PROBLEM is: edu.csus.ecs.pc2.core.model.Problem General
200520 224514.222|INFO|Thread-16|dumpPacket|   key: LANGUAGE_LIST is: [Ledu.csus.ecs.pc2.core.model.Language; [Ledu.csus.ecs.pc2.core.model.Language;@5af16de
200520 224514.222|INFO|Thread-16|dumpPacket|   key: SITE_LIST is: [Ledu.csus.ecs.pc2.core.model.Site; [Ledu.csus.ecs.pc2.core.model.Site;@40ad880f
200520 224514.222|INFO|Thread-16|dumpPacket|   key: GROUP_LIST is: [Ledu.csus.ecs.pc2.core.model.Group; [Ledu.csus.ecs.pc2.core.model.Group;@74a327b9
200520 224514.222|INFO|Thread-16|dumpPacket|   key: CONTEST_TIME_LIST is: [Ledu.csus.ecs.pc2.core.model.ContestTime; [Ledu.csus.ecs.pc2.core.model.ContestTime;@71278a3b
200520 224514.222|INFO|Thread-16|dumpPacket|   key: CONTEST_INFORMATION is: edu.csus.ecs.pc2.core.model.ContestInformation edu.csus.ecs.pc2.core.model.ContestInformation@cc37b27
200520 224514.223|INFO|Thread-16|dumpPacket|   key: CONTEST_TIME is: edu.csus.ecs.pc2.core.model.ContestTime edu.csus.ecs.pc2.core.model.ContestTime@20827740
200520 224514.223|INFO|Thread-16|dumpPacket|   key: REMOTE_LOGGED_IN_USERS is: [Ledu.csus.ecs.pc2.core.model.ClientId; [Ledu.csus.ecs.pc2.core.model.ClientId;@4d710206
200520 224514.223|INFO|Thread-16|dumpPacket|   key: CONNECTION_HANDLE_ID_LIST is: [Ledu.csus.ecs.pc2.core.transport.ConnectionHandlerID; [Ledu.csus.ecs.pc2.core.transport.ConnectionHandlerID;@4a2fc1
200520 224514.223|INFO|Thread-16|dumpPacket|   key: BALLOON_SETTINGS_LIST is: [Ledu.csus.ecs.pc2.core.model.BalloonSettings; [Ledu.csus.ecs.pc2.core.model.BalloonSettings;@17c776ac
200520 224514.223|INFO|Thread-16|dumpPacket|   key: PROFILE is: edu.csus.ecs.pc2.core.model.Profile Default-5939694089272908838
200520 224514.223|INFO|Thread-16|dumpPacket|   key: RUN_LIST is: [Ledu.csus.ecs.pc2.core.model.Run; [Ledu.csus.ecs.pc2.core.model.Run;@24cc2b63
200520 224514.223|INFO|Thread-16|dumpPacket|   key: PROFILE_LIST is: [Ledu.csus.ecs.pc2.core.model.Profile; [Ledu.csus.ecs.pc2.core.model.Profile;@61686cce
200520 224514.225|INFO|Thread-16|dumpPacket|   key: LOCAL_LOGGED_IN_USERS is: [Ledu.csus.ecs.pc2.core.model.ClientId; [Ledu.csus.ecs.pc2.core.model.ClientId;@300d7305
200520 224514.225|INFO|Thread-16|dumpPacket|   key: ACCOUNT_ARRAY is: [Ledu.csus.ecs.pc2.core.model.Account; [Ledu.csus.ecs.pc2.core.model.Account;@1cd311be
200520 224514.226|INFO|Thread-16|dumpPacket|   key: CLIENT_SETTINGS_LIST is: [Ledu.csus.ecs.pc2.core.model.ClientSettings; [Ledu.csus.ecs.pc2.core.model.ClientSettings;@5981a674
200520 224514.228|INFO|Thread-16|dumpPacket|   key: SITE_NUMBER is: java.lang.Integer 1
200520 224514.228|INFO|Thread-16|dumpPacket|   key: SERVER_CLOCK_OFFSET is: java.util.GregorianCalendar java.util.GregorianCalendar[time=1589989514149,areFieldsSet=true,areAllFieldsSet=false,lenient=true,zone=sun.util.calendar.ZoneInfo[id="GMT",offset=0,dstSavings=0,useDaylight=false,transitions=0,lastRule=null],firstDayOfWeek=2,minimalDaysInFirstWeek=4,ERA=1,YEAR=2020,MONTH=4,WEEK_OF_YEAR=21,WEEK_OF_MONTH=3,DAY_OF_MONTH=20,DAY_OF_YEAR=141,DAY_OF_WEEK=4,DAY_OF_WEEK_IN_MONTH=3,AM_PM=1,HOUR=3,HOUR_OF_DAY=15,MINUTE=45,SECOND=14,MILLISECOND=149,ZONE_OFFSET=0,DST_OFFSET=0]
200520 224514.228|INFO|Thread-16|dumpPacket|   key: CATEGORY_LIST is: [Ledu.csus.ecs.pc2.core.model.Category; [Ledu.csus.ecs.pc2.core.model.Category;@7badbf96
200520 224514.228|INFO|Thread-16|dumpPacket|   key: PROBLEM_DATA_FILES is: [Ledu.csus.ecs.pc2.core.model.ProblemDataFiles; [Ledu.csus.ecs.pc2.core.model.ProblemDataFiles;@20637ebd
200520 224514.229|INFO|Thread-16|dumpPacket|   key: CONTEST_IDENTIFIER is: java.lang.String Default--733014880925450290
200520 224514.229|INFO|Thread-16|dumpPacket|   key: CLIENT_ID is: edu.csus.ecs.pc2.core.model.ClientId ADMINISTRATOR1 @ site 1
200520 224514.229|INFO|Thread-16|dumpPacket|   key: PROBLEM_LIST is: [Ledu.csus.ecs.pc2.core.model.Problem; [Ledu.csus.ecs.pc2.core.model.Problem;@2439c5ee
200521 093220.880|CONFIG|http-nio-8080-exec-9|setFileHandlers|Now logging to C:\Users\demid\Desktop\diplom\pc2v9-PC2_RELEASE_9_6_x\pc2\logs directory.
200521 093220.881|INFO|http-nio-8080-exec-9|info|
200521 093220.917|INFO|http-nio-8080-exec-9|info|Version 9 () Java ver 1.8.0_141 build  Windows 10 10.0 (amd64) 
200521 093220.917|INFO|http-nio-8080-exec-9|info|Login: root (aka administrator1)
200521 093220.917|INFO|http-nio-8080-exec-9|startLog|Working directory is C:\Users\demid\Desktop\diplom\pc2v9-PC2_RELEASE_9_6_x\pc2
200521 093220.918|INFO|http-nio-8080-exec-9|startLog|Process id is 7816@DESKTOP-PII08I3
200521 093220.918|INFO|http-nio-8080-exec-9|info|Contacting server at localhost:50002 as ADMINISTRATOR1 @ site 0
200521 093220.918|INFO|http-nio-8080-exec-9|info|sendLoginRequest start - sending from ADMINISTRATOR1 @ site 0
200521 093220.918|INFO|http-nio-8080-exec-9|sendToLocalServer|Sending packet to server Packet[LOGIN_REQUEST] #3 ADMINISTRATOR1 @ site 0 -> SERVER0 @ site 0
200521 093220.918|INFO|http-nio-8080-exec-9|sendToLocalServer|Sent    packet to server Packet[LOGIN_REQUEST] #3 ADMINISTRATOR1 @ site 0 -> SERVER0 @ site 0
200521 093220.918|INFO|http-nio-8080-exec-9|info|sendLoginRequest end - packet sent.
200521 093220.919|INFO|Thread-69|run|send(Serializable)
200521 093220.950|INFO|Thread-67|receive|public void receive(SealedObject TransportPacket, ConnectionHandlerID connectionHandlerID)
200521 093220.974|INFO|Thread-67|receive|public void receive(SealedObject TransportPacket, ConnectionHandlerID connectionHandlerID)
200521 093220.979|INFO|Thread-71|info| receiveObject(S) start got Packet[LOGIN_SUCCESS] #52 SERVER0 @ site 1 -> ADMINISTRATOR1 @ site 1
200521 093220.980|INFO|Thread-72|info| receiveObject(S) start got Packet[LOGIN] #53 SERVER0 @ site 1 -> SERVER0 @ site 0
200521 093220.980|INFO|Thread-72|dumpPacket|Packet LOGIN (Seq #53, o#53 ) recieveObject
200521 093220.980|INFO|Thread-72|dumpPacket|  From: SERVER0 @ site 1, oSERVER0 @ site 1 (DESKTOP-PII08I3 @ 192.168.42.152) (Contest Id: Default--733014880925450290)
200521 093220.981|INFO|Thread-72|dumpPacket|    To: SERVER0 @ site 0
200521 093220.981|INFO|Thread-72|dumpPacket|   key: CLIENT_SETTINGS is: edu.csus.ecs.pc2.core.model.ClientSettings edu.csus.ecs.pc2.core.model.ClientSettings@7aad08ba
200521 093220.982|INFO|Thread-72|dumpPacket|   key: CONNECTION_HANDLE_ID is: edu.csus.ecs.pc2.core.transport.ConnectionHandlerID Socket[addr=/127.0.0.1,port=61406,localport=50002]--1011979772227639541
200521 093220.982|INFO|Thread-72|dumpPacket|   key: CLIENT_ID is: edu.csus.ecs.pc2.core.model.ClientId ADMINISTRATOR1 @ site 1
200521 093220.983|INFO|Thread-72|info|handlePacket start Packet[LOGIN] #53 SERVER0 @ site 1 -> SERVER0 @ site 0
200521 093220.985|INFO|Thread-72|dumpPacket|Packet LOGIN (Seq #53, o#53 ) handlePacket
200521 093220.985|INFO|Thread-72|dumpPacket|  From: SERVER0 @ site 1, oSERVER0 @ site 1 (DESKTOP-PII08I3 @ 192.168.42.152) (Contest Id: Default--733014880925450290)
200521 093220.985|INFO|Thread-72|dumpPacket|    To: SERVER0 @ site 0
200521 093220.985|INFO|Thread-72|dumpPacket|   key: CLIENT_SETTINGS is: edu.csus.ecs.pc2.core.model.ClientSettings edu.csus.ecs.pc2.core.model.ClientSettings@7aad08ba
200521 093220.986|INFO|Thread-72|dumpPacket|   key: CONNECTION_HANDLE_ID is: edu.csus.ecs.pc2.core.transport.ConnectionHandlerID Socket[addr=/127.0.0.1,port=61406,localport=50002]--1011979772227639541
200521 093220.986|INFO|Thread-72|dumpPacket|   key: CLIENT_ID is: edu.csus.ecs.pc2.core.model.ClientId ADMINISTRATOR1 @ site 1
200521 093220.986|INFO|Thread-72|info|Note: got a LOGIN packet before this site was logged in Packet[LOGIN] #53 SERVER0 @ site 1 -> SERVER0 @ site 0
200521 093220.986|INFO|Thread-72|info|handlePacket end Packet[LOGIN] #53 SERVER0 @ site 1 -> SERVER0 @ site 0
200521 093220.986|INFO|Thread-72|info| receiveObject(S) end   got Packet[LOGIN] #53 SERVER0 @ site 1 -> SERVER0 @ site 0
200521 093220.985|INFO|Thread-71|dumpPacket|Packet LOGIN_SUCCESS (Seq #52, o#52 ) recieveObject
200521 093220.988|INFO|Thread-71|dumpPacket|  From: SERVER0 @ site 1, oSERVER0 @ site 1 (DESKTOP-PII08I3 @ 192.168.42.152) (Contest Id: Default--733014880925450290)
200521 093220.988|INFO|Thread-71|dumpPacket|    To: ADMINISTRATOR1 @ site 1
200521 093220.989|INFO|Thread-71|dumpPacket|   key: CLARIFICATION_LIST is: [Ledu.csus.ecs.pc2.core.model.Clarification; [Ledu.csus.ecs.pc2.core.model.Clarification;@78d0d28
200521 093220.989|INFO|Thread-71|dumpPacket|   key: JUDGEMENT_LIST is: [Ledu.csus.ecs.pc2.core.model.Judgement; [Ledu.csus.ecs.pc2.core.model.Judgement;@94af3a9
200521 093220.989|INFO|Thread-71|dumpPacket|   key: GENERAL_PROBLEM is: edu.csus.ecs.pc2.core.model.Problem General
200521 093220.989|INFO|Thread-71|dumpPacket|   key: LANGUAGE_LIST is: [Ledu.csus.ecs.pc2.core.model.Language; [Ledu.csus.ecs.pc2.core.model.Language;@d756658
200521 093220.990|INFO|Thread-71|dumpPacket|   key: SITE_LIST is: [Ledu.csus.ecs.pc2.core.model.Site; [Ledu.csus.ecs.pc2.core.model.Site;@4877f992
200521 093220.990|INFO|Thread-71|dumpPacket|   key: GROUP_LIST is: [Ledu.csus.ecs.pc2.core.model.Group; [Ledu.csus.ecs.pc2.core.model.Group;@27fc49f9
200521 093220.990|INFO|Thread-71|dumpPacket|   key: CONTEST_TIME_LIST is: [Ledu.csus.ecs.pc2.core.model.ContestTime; [Ledu.csus.ecs.pc2.core.model.ContestTime;@79f53114
200521 093220.990|INFO|Thread-71|dumpPacket|   key: CONTEST_INFORMATION is: edu.csus.ecs.pc2.core.model.ContestInformation edu.csus.ecs.pc2.core.model.ContestInformation@5f94dfd4
200521 093220.990|INFO|Thread-71|dumpPacket|   key: CONTEST_TIME is: edu.csus.ecs.pc2.core.model.ContestTime edu.csus.ecs.pc2.core.model.ContestTime@285806dd
200521 093220.990|INFO|Thread-71|dumpPacket|   key: REMOTE_LOGGED_IN_USERS is: [Ledu.csus.ecs.pc2.core.model.ClientId; [Ledu.csus.ecs.pc2.core.model.ClientId;@6dae31ae
200521 093220.990|INFO|Thread-71|dumpPacket|   key: CONNECTION_HANDLE_ID_LIST is: [Ledu.csus.ecs.pc2.core.transport.ConnectionHandlerID; [Ledu.csus.ecs.pc2.core.transport.ConnectionHandlerID;@3d03d09e
200521 093220.990|INFO|Thread-71|dumpPacket|   key: BALLOON_SETTINGS_LIST is: [Ledu.csus.ecs.pc2.core.model.BalloonSettings; [Ledu.csus.ecs.pc2.core.model.BalloonSettings;@4490d295
200521 093220.990|INFO|Thread-71|dumpPacket|   key: PROFILE is: edu.csus.ecs.pc2.core.model.Profile Default-5939694089272908838
200521 093220.990|INFO|Thread-71|dumpPacket|   key: RUN_LIST is: [Ledu.csus.ecs.pc2.core.model.Run; [Ledu.csus.ecs.pc2.core.model.Run;@2c165a34
200521 093220.991|INFO|Thread-71|dumpPacket|   key: PROFILE_LIST is: [Ledu.csus.ecs.pc2.core.model.Profile; [Ledu.csus.ecs.pc2.core.model.Profile;@30292d59
200521 093220.991|INFO|Thread-71|dumpPacket|   key: LOCAL_LOGGED_IN_USERS is: [Ledu.csus.ecs.pc2.core.model.ClientId; [Ledu.csus.ecs.pc2.core.model.ClientId;@130d9ce2
200521 093220.991|INFO|Thread-71|dumpPacket|   key: ACCOUNT_ARRAY is: [Ledu.csus.ecs.pc2.core.model.Account; [Ledu.csus.ecs.pc2.core.model.Account;@51cbe06c
200521 093220.991|INFO|Thread-71|dumpPacket|   key: CLIENT_SETTINGS_LIST is: [Ledu.csus.ecs.pc2.core.model.ClientSettings; [Ledu.csus.ecs.pc2.core.model.ClientSettings;@4f12c79b
200521 093220.991|INFO|Thread-71|dumpPacket|   key: SITE_NUMBER is: java.lang.Integer 1
200521 093220.991|INFO|Thread-71|dumpPacket|   key: SERVER_CLOCK_OFFSET is: java.util.GregorianCalendar java.util.GregorianCalendar[time=1590028340936,areFieldsSet=true,areAllFieldsSet=false,lenient=true,zone=sun.util.calendar.ZoneInfo[id="GMT",offset=0,dstSavings=0,useDaylight=false,transitions=0,lastRule=null],firstDayOfWeek=2,minimalDaysInFirstWeek=4,ERA=1,YEAR=2020,MONTH=4,WEEK_OF_YEAR=21,WEEK_OF_MONTH=3,DAY_OF_MONTH=21,DAY_OF_YEAR=142,DAY_OF_WEEK=5,DAY_OF_WEEK_IN_MONTH=3,AM_PM=0,HOUR=2,HOUR_OF_DAY=2,MINUTE=32,SECOND=20,MILLISECOND=936,ZONE_OFFSET=0,DST_OFFSET=0]
200521 093220.991|INFO|Thread-71|dumpPacket|   key: CATEGORY_LIST is: [Ledu.csus.ecs.pc2.core.model.Category; [Ledu.csus.ecs.pc2.core.model.Category;@36a878c5
200521 093220.991|INFO|Thread-71|dumpPacket|   key: PROBLEM_DATA_FILES is: [Ledu.csus.ecs.pc2.core.model.ProblemDataFiles; [Ledu.csus.ecs.pc2.core.model.ProblemDataFiles;@493d187e
200521 093220.991|INFO|Thread-71|dumpPacket|   key: CONTEST_IDENTIFIER is: java.lang.String Default--733014880925450290
200521 093220.991|INFO|Thread-71|dumpPacket|   key: CLIENT_ID is: edu.csus.ecs.pc2.core.model.ClientId ADMINISTRATOR1 @ site 1
200521 093220.992|INFO|Thread-71|dumpPacket|   key: PROBLEM_LIST is: [Ledu.csus.ecs.pc2.core.model.Problem; [Ledu.csus.ecs.pc2.core.model.Problem;@477b59b5
200521 093220.992|INFO|Thread-71|info|handlePacket start Packet[LOGIN_SUCCESS] #52 SERVER0 @ site 1 -> ADMINISTRATOR1 @ site 1
200521 093220.992|INFO|Thread-71|dumpPacket|Packet LOGIN_SUCCESS (Seq #52, o#52 ) handlePacket
200521 093220.992|INFO|Thread-71|dumpPacket|  From: SERVER0 @ site 1, oSERVER0 @ site 1 (DESKTOP-PII08I3 @ 192.168.42.152) (Contest Id: Default--733014880925450290)
200521 093220.992|INFO|Thread-71|dumpPacket|    To: ADMINISTRATOR1 @ site 1
200521 093220.992|INFO|Thread-71|dumpPacket|   key: CLARIFICATION_LIST is: [Ledu.csus.ecs.pc2.core.model.Clarification; [Ledu.csus.ecs.pc2.core.model.Clarification;@78d0d28
200521 093220.992|INFO|Thread-71|dumpPacket|   key: JUDGEMENT_LIST is: [Ledu.csus.ecs.pc2.core.model.Judgement; [Ledu.csus.ecs.pc2.core.model.Judgement;@94af3a9
200521 093220.994|INFO|Thread-71|dumpPacket|   key: GENERAL_PROBLEM is: edu.csus.ecs.pc2.core.model.Problem General
200521 093220.994|INFO|Thread-71|dumpPacket|   key: LANGUAGE_LIST is: [Ledu.csus.ecs.pc2.core.model.Language; [Ledu.csus.ecs.pc2.core.model.Language;@d756658
200521 093220.994|INFO|Thread-71|dumpPacket|   key: SITE_LIST is: [Ledu.csus.ecs.pc2.core.model.Site; [Ledu.csus.ecs.pc2.core.model.Site;@4877f992
200521 093220.994|INFO|Thread-71|dumpPacket|   key: GROUP_LIST is: [Ledu.csus.ecs.pc2.core.model.Group; [Ledu.csus.ecs.pc2.core.model.Group;@27fc49f9
200521 093220.994|INFO|Thread-71|dumpPacket|   key: CONTEST_TIME_LIST is: [Ledu.csus.ecs.pc2.core.model.ContestTime; [Ledu.csus.ecs.pc2.core.model.ContestTime;@79f53114
200521 093220.994|INFO|Thread-71|dumpPacket|   key: CONTEST_INFORMATION is: edu.csus.ecs.pc2.core.model.ContestInformation edu.csus.ecs.pc2.core.model.ContestInformation@5f94dfd4
200521 093220.995|INFO|Thread-71|dumpPacket|   key: CONTEST_TIME is: edu.csus.ecs.pc2.core.model.ContestTime edu.csus.ecs.pc2.core.model.ContestTime@285806dd
200521 093220.995|INFO|Thread-71|dumpPacket|   key: REMOTE_LOGGED_IN_USERS is: [Ledu.csus.ecs.pc2.core.model.ClientId; [Ledu.csus.ecs.pc2.core.model.ClientId;@6dae31ae
200521 093220.995|INFO|Thread-71|dumpPacket|   key: CONNECTION_HANDLE_ID_LIST is: [Ledu.csus.ecs.pc2.core.transport.ConnectionHandlerID; [Ledu.csus.ecs.pc2.core.transport.ConnectionHandlerID;@3d03d09e
200521 093220.995|INFO|Thread-71|dumpPacket|   key: BALLOON_SETTINGS_LIST is: [Ledu.csus.ecs.pc2.core.model.BalloonSettings; [Ledu.csus.ecs.pc2.core.model.BalloonSettings;@4490d295
200521 093220.995|INFO|Thread-71|dumpPacket|   key: PROFILE is: edu.csus.ecs.pc2.core.model.Profile Default-5939694089272908838
200521 093220.996|INFO|Thread-71|dumpPacket|   key: RUN_LIST is: [Ledu.csus.ecs.pc2.core.model.Run; [Ledu.csus.ecs.pc2.core.model.Run;@2c165a34
200521 093220.996|INFO|Thread-71|dumpPacket|   key: PROFILE_LIST is: [Ledu.csus.ecs.pc2.core.model.Profile; [Ledu.csus.ecs.pc2.core.model.Profile;@30292d59
200521 093220.996|INFO|Thread-71|dumpPacket|   key: LOCAL_LOGGED_IN_USERS is: [Ledu.csus.ecs.pc2.core.model.ClientId; [Ledu.csus.ecs.pc2.core.model.ClientId;@130d9ce2
200521 093220.996|INFO|Thread-71|dumpPacket|   key: ACCOUNT_ARRAY is: [Ledu.csus.ecs.pc2.core.model.Account; [Ledu.csus.ecs.pc2.core.model.Account;@51cbe06c
200521 093220.996|INFO|Thread-71|dumpPacket|   key: CLIENT_SETTINGS_LIST is: [Ledu.csus.ecs.pc2.core.model.ClientSettings; [Ledu.csus.ecs.pc2.core.model.ClientSettings;@4f12c79b
200521 093220.996|INFO|Thread-71|dumpPacket|   key: SITE_NUMBER is: java.lang.Integer 1
200521 093220.996|INFO|Thread-71|dumpPacket|   key: SERVER_CLOCK_OFFSET is: java.util.GregorianCalendar java.util.GregorianCalendar[time=1590028340936,areFieldsSet=true,areAllFieldsSet=false,lenient=true,zone=sun.util.calendar.ZoneInfo[id="GMT",offset=0,dstSavings=0,useDaylight=false,transitions=0,lastRule=null],firstDayOfWeek=2,minimalDaysInFirstWeek=4,ERA=1,YEAR=2020,MONTH=4,WEEK_OF_YEAR=21,WEEK_OF_MONTH=3,DAY_OF_MONTH=21,DAY_OF_YEAR=142,DAY_OF_WEEK=5,DAY_OF_WEEK_IN_MONTH=3,AM_PM=0,HOUR=2,HOUR_OF_DAY=2,MINUTE=32,SECOND=20,MILLISECOND=936,ZONE_OFFSET=0,DST_OFFSET=0]
200521 093220.996|INFO|Thread-71|dumpPacket|   key: CATEGORY_LIST is: [Ledu.csus.ecs.pc2.core.model.Category; [Ledu.csus.ecs.pc2.core.model.Category;@36a878c5
200521 093220.996|INFO|Thread-71|dumpPacket|   key: PROBLEM_DATA_FILES is: [Ledu.csus.ecs.pc2.core.model.ProblemDataFiles; [Ledu.csus.ecs.pc2.core.model.ProblemDataFiles;@493d187e
200521 093220.996|INFO|Thread-71|dumpPacket|   key: CONTEST_IDENTIFIER is: java.lang.String Default--733014880925450290
200521 093220.996|INFO|Thread-71|dumpPacket|   key: CLIENT_ID is: edu.csus.ecs.pc2.core.model.ClientId ADMINISTRATOR1 @ site 1
200521 093220.996|INFO|Thread-71|dumpPacket|   key: PROBLEM_LIST is: [Ledu.csus.ecs.pc2.core.model.Problem; [Ledu.csus.ecs.pc2.core.model.Problem;@477b59b5
