200520 230746.871|CONFIG|main|setFileHandlers|Now logging to C:\Users\demid\Desktop\diplom\pc2v9-PC2_RELEASE_9_6_x\pc2\logs directory.
200520 230746.873|INFO|main|info|
200520 230746.900|INFO|main|info|Version 9 () Java ver 1.8.0_141 build  Windows 10 10.0 (amd64) 
200520 230746.901|INFO|main|startLog|Working directory is C:\Users\demid\Desktop\diplom\pc2v9-PC2_RELEASE_9_6_x\pc2
200520 230746.902|INFO|main|startLog|Process id is 13468@DESKTOP-PII08I3
200520 230746.903|INFO|main|start|Starting ConnectionManager...
200520 230746.916|INFO|main|start|Started ConnectionManager
200520 230746.920|INFO|main|setClientServerAndPort|INIFile File location: file:/C:/Users/demid/Desktop/diplom/pc2v9-PC2_RELEASE_9_6_x/pc2/pc2v9.ini
200520 230746.921|INFO|main|setClientServerAndPort|setClientServerAndPort localhost parsed as localhost port 50002
200520 230746.921|INFO|main|info|Contacting server at localhost:50002
200520 230746.922|INFO|main|connectToMyServer|Connecting to localhost:50002
200520 230746.941|INFO|Thread-74|receiveUnencrypted|receiveUnencrypted(TransportWrapper, ConnectionHandlerID=Socket[addr=localhost/127.0.0.1,port=50002,localport=59911]--5742445011219326957)
200520 230746.954|INFO|Thread-74|receiveUnencrypted|receiveUnencrypted Made a secret key for Socket[addr=localhost/127.0.0.1,port=50002,localport=59911]--5742445011219326957 key is com.sun.crypto.provider.DESKey@fffe797e
200520 230746.954|INFO|Thread-74|getPublicKeyPacket|Generating Unencrypted Public Key Packet
200520 230746.956|INFO|Thread-74|getPublicKeyPacket|checking key:= SunJCE Diffie-Hellman Public Key:
y:
    6cc99ab5 764e025f 87e268b5 811582eb 9f830a9b 5db2000e d67f2fdc 647062f5
    a91e6d02 10575aaa a7a17571 a599907d f170fc91 6789c328 00e90420 94a63d45
    26c34e1d 0bb5d841 878305c0 758431ed 1637b5dd 1d781b18 65919153 cd11bcfa
    7efd72af 9b94b1d2 9ad4c268 e3a8c959 8180f9a3 41d51ef7 47d4472a dca8c2e4
p:
    f488fd58 4e49dbcd 20b49de4 9107366b 336c380d 451d0f7c 88b31c7c 5b2d8ef6
    f3c923c0 43f0a55b 188d8ebb 558cb85d 38d334fd 7c175743 a31d186c de33212c
    b52aff3c e1b12940 18118d7c 84a70a72 d686c403 19c80729 7aca950c d9969fab
    d00a509b 0246d308 3d66a45d 419f9c7c bd894b22 1926baab a25ec355 e92f78c7
g:
    02
l:
    512
200520 230746.956|INFO|Thread-74|getPublicKeyPacket|packet:= edu.csus.ecs.pc2.core.transport.TransportWrapper@5181fc24
