200520 232606.471|CONFIG|Thread-65|setFileHandlers|Now logging to C:\Users\demid\Desktop\diplom\pc2v9-PC2_RELEASE_9_6_x\pc2\logs directory.
200520 232606.475|INFO|Thread-65|info|
200520 232606.512|INFO|Thread-65|info|Version 9 () Java ver 1.8.0_141 build  Windows 10 10.0 (amd64) 
200520 232606.513|INFO|Thread-65|startLog|Working directory is C:\Users\demid\Desktop\diplom\pc2v9-PC2_RELEASE_9_6_x\pc2
200520 232606.514|INFO|Thread-65|startLog|Process id is 10656@DESKTOP-PII08I3
200520 232606.514|INFO|Thread-65|start|Starting ConnectionManager...
200520 232606.530|INFO|Thread-65|start|Started ConnectionManager
200520 232606.533|INFO|Thread-65|setClientServerAndPort|INIFile File location: file:/C:/Users/demid/Desktop/diplom/pc2v9-PC2_RELEASE_9_6_x/pc2/pc2v9.ini
200520 232606.533|INFO|Thread-65|setClientServerAndPort|setClientServerAndPort localhost parsed as localhost port 50002
200520 232606.533|INFO|Thread-65|info|Contacting server at localhost:50002
200520 232606.535|INFO|Thread-65|connectToMyServer|Connecting to localhost:50002
200520 232606.576|INFO|Thread-66|receiveUnencrypted|receiveUnencrypted(TransportWrapper, ConnectionHandlerID=Socket[addr=localhost/127.0.0.1,port=50002,localport=60130]-4429191668953394431)
200520 232606.589|INFO|Thread-66|receiveUnencrypted|receiveUnencrypted Made a secret key for Socket[addr=localhost/127.0.0.1,port=50002,localport=60130]-4429191668953394431 key is com.sun.crypto.provider.DESKey@fffe79ef
200520 232606.589|INFO|Thread-66|getPublicKeyPacket|Generating Unencrypted Public Key Packet
200520 232606.591|INFO|Thread-66|getPublicKeyPacket|checking key:= SunJCE Diffie-Hellman Public Key:
y:
    d1844bac 5d19ca0b 00967c80 49392aab 40e0442c a2be6108 48bffb60 d1d888f4
    165815e0 b45f939a 2b172590 b11f7a6f 1029b5b4 f05d7e01 7428d29a 7c7dc32d
    85aad2ee 38474a15 c4ddc226 cfb64e90 54043f63 9779aed0 e27e9991 3beaeaf5
    591faa7e ba5c5729 090d0593 ec2642b9 022505b4 8bfd7bb8 0fa9aac0 60b3093b
p:
    f488fd58 4e49dbcd 20b49de4 9107366b 336c380d 451d0f7c 88b31c7c 5b2d8ef6
    f3c923c0 43f0a55b 188d8ebb 558cb85d 38d334fd 7c175743 a31d186c de33212c
    b52aff3c e1b12940 18118d7c 84a70a72 d686c403 19c80729 7aca950c d9969fab
    d00a509b 0246d308 3d66a45d 419f9c7c bd894b22 1926baab a25ec355 e92f78c7
g:
    02
l:
    512
200520 232606.591|INFO|Thread-66|getPublicKeyPacket|packet:= edu.csus.ecs.pc2.core.transport.TransportWrapper@40ad30e0
