200521 081112.453|CONFIG|http-nio-8080-exec-5|setFileHandlers|Now logging to C:\Users\demid\Desktop\diplom\pc2v9-PC2_RELEASE_9_6_x\pc2\logs directory.
200521 081112.458|INFO|http-nio-8080-exec-5|info|
200521 081112.565|INFO|http-nio-8080-exec-5|info|Version 9 () Java ver 1.8.0_141 build  Windows 10 10.0 (amd64) 
200521 081112.566|INFO|http-nio-8080-exec-5|startLog|Working directory is C:\Users\demid\Desktop\diplom\pc2v9-PC2_RELEASE_9_6_x\pc2
200521 081112.569|INFO|http-nio-8080-exec-5|startLog|Process id is 12676@DESKTOP-PII08I3
200521 081117.451|INFO|http-nio-8080-exec-5|start|Starting ConnectionManager...
200521 081130.344|INFO|http-nio-8080-exec-5|start|Started ConnectionManager
200521 081148.079|INFO|http-nio-8080-exec-5|setClientServerAndPort|INIFile File location: file:/C:/Users/demid/Desktop/diplom/pc2v9-PC2_RELEASE_9_6_x/pc2/pc2v9.ini
200521 081148.080|INFO|http-nio-8080-exec-5|setClientServerAndPort|setClientServerAndPort localhost parsed as localhost port 50002
200521 081148.081|INFO|http-nio-8080-exec-5|info|Contacting server at localhost:50002
200521 081148.085|INFO|http-nio-8080-exec-5|connectToMyServer|Connecting to localhost:50002
200521 081150.100|INFO|http-nio-8080-exec-5|<init>|IO Exception:localhost
200521 081150.109|INFO|http-nio-8080-exec-5|connectToMyServer|Could not ConnectToMyServer()
200521 081150.110|INFO|http-nio-8080-exec-5|start|Exception contacting my server 
|edu.csus.ecs.pc2.core.transport.TransportException: Connection refused: connect
|    at edu.csus.ecs.pc2.core.transport.TransportManager.connectToMyServer (TransportManager.java:197)
|    at edu.csus.ecs.pc2.core.transport.connection.ConnectionManager.connectToMyServer (ConnectionManager.java:99)
|    at edu.csus.ecs.pc2.core.InternalController.start (InternalController.java:2859)
|    at edu.csus.ecs.pc2.Starter.main (Starter.java:37)
|    at ru.vkr.vkr.controller.AdminController.userList (AdminController.java:41)
|    at sun.reflect.NativeMethodAccessorImpl.invoke0 (NativeMethodAccessorImpl.java:-2)
|    at sun.reflect.NativeMethodAccessorImpl.invoke (NativeMethodAccessorImpl.java:62)
|    at sun.reflect.DelegatingMethodAccessorImpl.invoke (DelegatingMethodAccessorImpl.java:43)
|    at java.lang.reflect.Method.invoke (Method.java:498)
|    at org.springframework.web.method.support.InvocableHandlerMethod.doInvoke (InvocableHandlerMethod.java:190)
|    at org.springframework.web.method.support.InvocableHandlerMethod.invokeForRequest (InvocableHandlerMethod.java:138)
|    at org.springframework.web.servlet.mvc.method.annotation.ServletInvocableHandlerMethod.invokeAndHandle (ServletInvocableHandlerMethod.java:105)
|    at org.springframework.web.servlet.mvc.method.annotation.RequestMappingHandlerAdapter.invokeHandlerMethod (RequestMappingHandlerAdapter.java:879)
|    at org.springframework.web.servlet.mvc.method.annotation.RequestMappingHandlerAdapter.handleInternal (RequestMappingHandlerAdapter.java:793)
|    at org.springframework.web.servlet.mvc.method.AbstractHandlerMethodAdapter.handle (AbstractHandlerMethodAdapter.java:87)
|    at org.springframework.web.servlet.DispatcherServlet.doDispatch (DispatcherServlet.java:1040)
|    at org.springframework.web.servlet.DispatcherServlet.doService (DispatcherServlet.java:943)
|    at org.springframework.web.servlet.FrameworkServlet.processRequest (FrameworkServlet.java:1006)
|    at org.springframework.web.servlet.FrameworkServlet.doGet (FrameworkServlet.java:898)
|    at javax.servlet.http.HttpServlet.service (HttpServlet.java:634)
|    at org.springframework.web.servlet.FrameworkServlet.service (FrameworkServlet.java:883)
|    at javax.servlet.http.HttpServlet.service (HttpServlet.java:741)
|    at org.apache.catalina.core.ApplicationFilterChain.internalDoFilter (ApplicationFilterChain.java:231)
|    at org.apache.catalina.core.ApplicationFilterChain.doFilter (ApplicationFilterChain.java:166)
|    at org.apache.tomcat.websocket.server.WsFilter.doFilter (WsFilter.java:53)
|    at org.apache.catalina.core.ApplicationFilterChain.internalDoFilter (ApplicationFilterChain.java:193)
|    at org.apache.catalina.core.ApplicationFilterChain.doFilter (ApplicationFilterChain.java:166)
|    at org.springframework.security.web.FilterChainProxy$VirtualFilterChain.doFilter (FilterChainProxy.java:320)
|    at org.springframework.security.web.access.intercept.FilterSecurityInterceptor.invoke (FilterSecurityInterceptor.java:126)
|    at org.springframework.security.web.access.intercept.FilterSecurityInterceptor.doFilter (FilterSecurityInterceptor.java:90)
|    at org.springframework.security.web.FilterChainProxy$VirtualFilterChain.doFilter (FilterChainProxy.java:334)
|    at org.springframework.security.web.access.ExceptionTranslationFilter.doFilter (ExceptionTranslationFilter.java:118)
|    at org.springframework.security.web.FilterChainProxy$VirtualFilterChain.doFilter (FilterChainProxy.java:334)
|    at org.springframework.security.web.session.SessionManagementFilter.doFilter (SessionManagementFilter.java:137)
|    at org.springframework.security.web.FilterChainProxy$VirtualFilterChain.doFilter (FilterChainProxy.java:334)
|    at org.springframework.security.web.authentication.AnonymousAuthenticationFilter.doFilter (AnonymousAuthenticationFilter.java:111)
|    at org.springframework.security.web.FilterChainProxy$VirtualFilterChain.doFilter (FilterChainProxy.java:334)
|    at org.springframework.security.web.servletapi.SecurityContextHolderAwareRequestFilter.doFilter (SecurityContextHolderAwareRequestFilter.java:158)
|    at org.springframework.security.web.FilterChainProxy$VirtualFilterChain.doFilter (FilterChainProxy.java:334)
|    at org.springframework.security.web.savedrequest.RequestCacheAwareFilter.doFilter (RequestCacheAwareFilter.java:63)
|    at org.springframework.security.web.FilterChainProxy$VirtualFilterChain.doFilter (FilterChainProxy.java:334)
|    at org.springframework.security.web.authentication.AbstractAuthenticationProcessingFilter.doFilter (AbstractAuthenticationProcessingFilter.java:200)
|    at org.springframework.security.web.FilterChainProxy$VirtualFilterChain.doFilter (FilterChainProxy.java:334)
|    at org.springframework.security.web.authentication.logout.LogoutFilter.doFilter (LogoutFilter.java:116)
|    at org.springframework.security.web.FilterChainProxy$VirtualFilterChain.doFilter (FilterChainProxy.java:334)
|    at org.springframework.security.web.header.HeaderWriterFilter.doHeadersAfter (HeaderWriterFilter.java:92)
|    at org.springframework.security.web.header.HeaderWriterFilter.doFilterInternal (HeaderWriterFilter.java:77)
|    at org.springframework.web.filter.OncePerRequestFilter.doFilter (OncePerRequestFilter.java:119)
|    at org.springframework.security.web.FilterChainProxy$VirtualFilterChain.doFilter (FilterChainProxy.java:334)
|    at org.springframework.security.web.context.SecurityContextPersistenceFilter.doFilter (SecurityContextPersistenceFilter.java:105)
|    at org.springframework.security.web.FilterChainProxy$VirtualFilterChain.doFilter (FilterChainProxy.java:334)
|    at org.springframework.security.web.context.request.async.WebAsyncManagerIntegrationFilter.doFilterInternal (WebAsyncManagerIntegrationFilter.java:56)
|    at org.springframework.web.filter.OncePerRequestFilter.doFilter (OncePerRequestFilter.java:119)
|    at org.springframework.security.web.FilterChainProxy$VirtualFilterChain.doFilter (FilterChainProxy.java:334)
|    at org.springframework.security.web.FilterChainProxy.doFilterInternal (FilterChainProxy.java:215)
|    at org.springframework.security.web.FilterChainProxy.doFilter (FilterChainProxy.java:178)
|    at org.springframework.web.filter.DelegatingFilterProxy.invokeDelegate (DelegatingFilterProxy.java:358)
|    at org.springframework.web.filter.DelegatingFilterProxy.doFilter (DelegatingFilterProxy.java:271)
|    at org.apache.catalina.core.ApplicationFilterChain.internalDoFilter (ApplicationFilterChain.java:193)
|    at org.apache.catalina.core.ApplicationFilterChain.doFilter (ApplicationFilterChain.java:166)
|    at org.springframework.web.filter.RequestContextFilter.doFilterInternal (RequestContextFilter.java:100)
|    at org.springframework.web.filter.OncePerRequestFilter.doFilter (OncePerRequestFilter.java:119)
|    at org.apache.catalina.core.ApplicationFilterChain.internalDoFilter (ApplicationFilterChain.java:193)
|    at org.apache.catalina.core.ApplicationFilterChain.doFilter (ApplicationFilterChain.java:166)
|    at org.springframework.web.filter.FormContentFilter.doFilterInternal (FormContentFilter.java:93)
|    at org.springframework.web.filter.OncePerRequestFilter.doFilter (OncePerRequestFilter.java:119)
|    at org.apache.catalina.core.ApplicationFilterChain.internalDoFilter (ApplicationFilterChain.java:193)
|    at org.apache.catalina.core.ApplicationFilterChain.doFilter (ApplicationFilterChain.java:166)
|    at org.springframework.web.filter.CharacterEncodingFilter.doFilterInternal (CharacterEncodingFilter.java:201)
|    at org.springframework.web.filter.OncePerRequestFilter.doFilter (OncePerRequestFilter.java:119)
|    at org.apache.catalina.core.ApplicationFilterChain.internalDoFilter (ApplicationFilterChain.java:193)
|    at org.apache.catalina.core.ApplicationFilterChain.doFilter (ApplicationFilterChain.java:166)
|    at org.apache.catalina.core.StandardWrapperValve.invoke (StandardWrapperValve.java:202)
|    at org.apache.catalina.core.StandardContextValve.invoke (StandardContextValve.java:96)
|    at org.apache.catalina.authenticator.AuthenticatorBase.invoke (AuthenticatorBase.java:541)
|    at org.apache.catalina.core.StandardHostValve.invoke (StandardHostValve.java:139)
|    at org.apache.catalina.valves.ErrorReportValve.invoke (ErrorReportValve.java:92)
|    at org.apache.catalina.core.StandardEngineValve.invoke (StandardEngineValve.java:74)
|    at org.apache.catalina.connector.CoyoteAdapter.service (CoyoteAdapter.java:343)
|    at org.apache.coyote.http11.Http11Processor.service (Http11Processor.java:373)
|    at org.apache.coyote.AbstractProcessorLight.process (AbstractProcessorLight.java:65)
|    at org.apache.coyote.AbstractProtocol$ConnectionHandler.process (AbstractProtocol.java:868)
|    at org.apache.tomcat.util.net.NioEndpoint$SocketProcessor.doRun (NioEndpoint.java:1594)
|    at org.apache.tomcat.util.net.SocketProcessorBase.run (SocketProcessorBase.java:49)
|    at java.util.concurrent.ThreadPoolExecutor.runWorker (ThreadPoolExecutor.java:1149)
|    at java.util.concurrent.ThreadPoolExecutor$Worker.run (ThreadPoolExecutor.java:624)
|    at org.apache.tomcat.util.threads.TaskThread$WrappingRunnable.run (TaskThread.java:61)
|    at java.lang.Thread.run (Thread.java:748)
200521 081150.112|INFO|http-nio-8080-exec-5|info|Unable to contact server at localhost:0 Connection refused: connect
200521 081150.113|SEVERE|http-nio-8080-exec-5|fatalError|Unable to contact server at: localhost:50002, contact staff
|edu.csus.ecs.pc2.core.transport.TransportException: Connection refused: connect
|    at edu.csus.ecs.pc2.core.transport.TransportManager.connectToMyServer (TransportManager.java:197)
|    at edu.csus.ecs.pc2.core.transport.connection.ConnectionManager.connectToMyServer (ConnectionManager.java:99)
|    at edu.csus.ecs.pc2.core.InternalController.start (InternalController.java:2859)
|    at edu.csus.ecs.pc2.Starter.main (Starter.java:37)
|    at ru.vkr.vkr.controller.AdminController.userList (AdminController.java:41)
|    at sun.reflect.NativeMethodAccessorImpl.invoke0 (NativeMethodAccessorImpl.java:-2)
|    at sun.reflect.NativeMethodAccessorImpl.invoke (NativeMethodAccessorImpl.java:62)
|    at sun.reflect.DelegatingMethodAccessorImpl.invoke (DelegatingMethodAccessorImpl.java:43)
|    at java.lang.reflect.Method.invoke (Method.java:498)
|    at org.springframework.web.method.support.InvocableHandlerMethod.doInvoke (InvocableHandlerMethod.java:190)
|    at org.springframework.web.method.support.InvocableHandlerMethod.invokeForRequest (InvocableHandlerMethod.java:138)
|    at org.springframework.web.servlet.mvc.method.annotation.ServletInvocableHandlerMethod.invokeAndHandle (ServletInvocableHandlerMethod.java:105)
|    at org.springframework.web.servlet.mvc.method.annotation.RequestMappingHandlerAdapter.invokeHandlerMethod (RequestMappingHandlerAdapter.java:879)
|    at org.springframework.web.servlet.mvc.method.annotation.RequestMappingHandlerAdapter.handleInternal (RequestMappingHandlerAdapter.java:793)
|    at org.springframework.web.servlet.mvc.method.AbstractHandlerMethodAdapter.handle (AbstractHandlerMethodAdapter.java:87)
|    at org.springframework.web.servlet.DispatcherServlet.doDispatch (DispatcherServlet.java:1040)
|    at org.springframework.web.servlet.DispatcherServlet.doService (DispatcherServlet.java:943)
|    at org.springframework.web.servlet.FrameworkServlet.processRequest (FrameworkServlet.java:1006)
|    at org.springframework.web.servlet.FrameworkServlet.doGet (FrameworkServlet.java:898)
|    at javax.servlet.http.HttpServlet.service (HttpServlet.java:634)
|    at org.springframework.web.servlet.FrameworkServlet.service (FrameworkServlet.java:883)
|    at javax.servlet.http.HttpServlet.service (HttpServlet.java:741)
|    at org.apache.catalina.core.ApplicationFilterChain.internalDoFilter (ApplicationFilterChain.java:231)
|    at org.apache.catalina.core.ApplicationFilterChain.doFilter (ApplicationFilterChain.java:166)
|    at org.apache.tomcat.websocket.server.WsFilter.doFilter (WsFilter.java:53)
|    at org.apache.catalina.core.ApplicationFilterChain.internalDoFilter (ApplicationFilterChain.java:193)
|    at org.apache.catalina.core.ApplicationFilterChain.doFilter (ApplicationFilterChain.java:166)
|    at org.springframework.security.web.FilterChainProxy$VirtualFilterChain.doFilter (FilterChainProxy.java:320)
|    at org.springframework.security.web.access.intercept.FilterSecurityInterceptor.invoke (FilterSecurityInterceptor.java:126)
|    at org.springframework.security.web.access.intercept.FilterSecurityInterceptor.doFilter (FilterSecurityInterceptor.java:90)
|    at org.springframework.security.web.FilterChainProxy$VirtualFilterChain.doFilter (FilterChainProxy.java:334)
|    at org.springframework.security.web.access.ExceptionTranslationFilter.doFilter (ExceptionTranslationFilter.java:118)
|    at org.springframework.security.web.FilterChainProxy$VirtualFilterChain.doFilter (FilterChainProxy.java:334)
|    at org.springframework.security.web.session.SessionManagementFilter.doFilter (SessionManagementFilter.java:137)
|    at org.springframework.security.web.FilterChainProxy$VirtualFilterChain.doFilter (FilterChainProxy.java:334)
|    at org.springframework.security.web.authentication.AnonymousAuthenticationFilter.doFilter (AnonymousAuthenticationFilter.java:111)
|    at org.springframework.security.web.FilterChainProxy$VirtualFilterChain.doFilter (FilterChainProxy.java:334)
|    at org.springframework.security.web.servletapi.SecurityContextHolderAwareRequestFilter.doFilter (SecurityContextHolderAwareRequestFilter.java:158)
|    at org.springframework.security.web.FilterChainProxy$VirtualFilterChain.doFilter (FilterChainProxy.java:334)
|    at org.springframework.security.web.savedrequest.RequestCacheAwareFilter.doFilter (RequestCacheAwareFilter.java:63)
|    at org.springframework.security.web.FilterChainProxy$VirtualFilterChain.doFilter (FilterChainProxy.java:334)
|    at org.springframework.security.web.authentication.AbstractAuthenticationProcessingFilter.doFilter (AbstractAuthenticationProcessingFilter.java:200)
|    at org.springframework.security.web.FilterChainProxy$VirtualFilterChain.doFilter (FilterChainProxy.java:334)
|    at org.springframework.security.web.authentication.logout.LogoutFilter.doFilter (LogoutFilter.java:116)
|    at org.springframework.security.web.FilterChainProxy$VirtualFilterChain.doFilter (FilterChainProxy.java:334)
|    at org.springframework.security.web.header.HeaderWriterFilter.doHeadersAfter (HeaderWriterFilter.java:92)
|    at org.springframework.security.web.header.HeaderWriterFilter.doFilterInternal (HeaderWriterFilter.java:77)
|    at org.springframework.web.filter.OncePerRequestFilter.doFilter (OncePerRequestFilter.java:119)
|    at org.springframework.security.web.FilterChainProxy$VirtualFilterChain.doFilter (FilterChainProxy.java:334)
|    at org.springframework.security.web.context.SecurityContextPersistenceFilter.doFilter (SecurityContextPersistenceFilter.java:105)
|    at org.springframework.security.web.FilterChainProxy$VirtualFilterChain.doFilter (FilterChainProxy.java:334)
|    at org.springframework.security.web.context.request.async.WebAsyncManagerIntegrationFilter.doFilterInternal (WebAsyncManagerIntegrationFilter.java:56)
|    at org.springframework.web.filter.OncePerRequestFilter.doFilter (OncePerRequestFilter.java:119)
|    at org.springframework.security.web.FilterChainProxy$VirtualFilterChain.doFilter (FilterChainProxy.java:334)
|    at org.springframework.security.web.FilterChainProxy.doFilterInternal (FilterChainProxy.java:215)
|    at org.springframework.security.web.FilterChainProxy.doFilter (FilterChainProxy.java:178)
|    at org.springframework.web.filter.DelegatingFilterProxy.invokeDelegate (DelegatingFilterProxy.java:358)
|    at org.springframework.web.filter.DelegatingFilterProxy.doFilter (DelegatingFilterProxy.java:271)
|    at org.apache.catalina.core.ApplicationFilterChain.internalDoFilter (ApplicationFilterChain.java:193)
|    at org.apache.catalina.core.ApplicationFilterChain.doFilter (ApplicationFilterChain.java:166)
|    at org.springframework.web.filter.RequestContextFilter.doFilterInternal (RequestContextFilter.java:100)
|    at org.springframework.web.filter.OncePerRequestFilter.doFilter (OncePerRequestFilter.java:119)
|    at org.apache.catalina.core.ApplicationFilterChain.internalDoFilter (ApplicationFilterChain.java:193)
|    at org.apache.catalina.core.ApplicationFilterChain.doFilter (ApplicationFilterChain.java:166)
|    at org.springframework.web.filter.FormContentFilter.doFilterInternal (FormContentFilter.java:93)
|    at org.springframework.web.filter.OncePerRequestFilter.doFilter (OncePerRequestFilter.java:119)
|    at org.apache.catalina.core.ApplicationFilterChain.internalDoFilter (ApplicationFilterChain.java:193)
|    at org.apache.catalina.core.ApplicationFilterChain.doFilter (ApplicationFilterChain.java:166)
|    at org.springframework.web.filter.CharacterEncodingFilter.doFilterInternal (CharacterEncodingFilter.java:201)
|    at org.springframework.web.filter.OncePerRequestFilter.doFilter (OncePerRequestFilter.java:119)
|    at org.apache.catalina.core.ApplicationFilterChain.internalDoFilter (ApplicationFilterChain.java:193)
|    at org.apache.catalina.core.ApplicationFilterChain.doFilter (ApplicationFilterChain.java:166)
|    at org.apache.catalina.core.StandardWrapperValve.invoke (StandardWrapperValve.java:202)
|    at org.apache.catalina.core.StandardContextValve.invoke (StandardContextValve.java:96)
|    at org.apache.catalina.authenticator.AuthenticatorBase.invoke (AuthenticatorBase.java:541)
|    at org.apache.catalina.core.StandardHostValve.invoke (StandardHostValve.java:139)
|    at org.apache.catalina.valves.ErrorReportValve.invoke (ErrorReportValve.java:92)
|    at org.apache.catalina.core.StandardEngineValve.invoke (StandardEngineValve.java:74)
|    at org.apache.catalina.connector.CoyoteAdapter.service (CoyoteAdapter.java:343)
|    at org.apache.coyote.http11.Http11Processor.service (Http11Processor.java:373)
|    at org.apache.coyote.AbstractProcessorLight.process (AbstractProcessorLight.java:65)
|    at org.apache.coyote.AbstractProtocol$ConnectionHandler.process (AbstractProtocol.java:868)
|    at org.apache.tomcat.util.net.NioEndpoint$SocketProcessor.doRun (NioEndpoint.java:1594)
|    at org.apache.tomcat.util.net.SocketProcessorBase.run (SocketProcessorBase.java:49)
|    at java.util.concurrent.ThreadPoolExecutor.runWorker (ThreadPoolExecutor.java:1149)
|    at java.util.concurrent.ThreadPoolExecutor$Worker.run (ThreadPoolExecutor.java:624)
|    at org.apache.tomcat.util.threads.TaskThread$WrappingRunnable.run (TaskThread.java:61)
|    at java.lang.Thread.run (Thread.java:748)
200521 081150.115|INFO|http-nio-8080-exec-5|fatalError|PC^2 halted
