200521 122727.296|CONFIG|http-nio-8080-exec-7|setFileHandlers|Now logging to H:\Университет\8 сем - FINISH!!!\Диплом\pc2v9-PC2_RELEASE_9_6_x\pc2v9-PC2_RELEASE_9_6_x\pc2\logs directory.
200521 122727.297|INFO|http-nio-8080-exec-7|info|
200521 122727.308|INFO|http-nio-8080-exec-7|info|Version 9 () Java ver 1.8.0_144 build  Windows 7 6.1 (amd64) 
200521 122727.308|INFO|http-nio-8080-exec-7|startLog|Working directory is H:\Университет\8 сем - FINISH!!!\Диплом\pc2v9-PC2_RELEASE_9_6_x\pc2v9-PC2_RELEASE_9_6_x\pc2
200521 122727.309|INFO|http-nio-8080-exec-7|startLog|Process id is 14172@admin-ПК
200521 122727.309|INFO|http-nio-8080-exec-7|start|Starting ConnectionManager...
200521 122727.311|INFO|http-nio-8080-exec-7|start|Started ConnectionManager
200521 122727.312|INFO|http-nio-8080-exec-7|setClientServerAndPort|INIFile File location: file:/H:/Университет/8%20сем%20-%20FINISH!!!/Диплом/pc2v9-PC2_RELEASE_9_6_x/pc2v9-PC2_RELEASE_9_6_x/pc2/pc2v9.ini
200521 122727.312|INFO|http-nio-8080-exec-7|setClientServerAndPort|setClientServerAndPort localhost parsed as localhost port 50002
200521 122727.312|INFO|http-nio-8080-exec-7|info|Contacting server at localhost:50002
200521 122727.312|INFO|http-nio-8080-exec-7|connectToMyServer|Connecting to localhost:50002
200521 122727.325|INFO|Thread-9|receiveUnencrypted|receiveUnencrypted(TransportWrapper, ConnectionHandlerID=Socket[addr=localhost/127.0.0.1,port=50002,localport=41276]--5431548784731639789)
200521 122727.332|INFO|Thread-9|receiveUnencrypted|receiveUnencrypted Made a secret key for Socket[addr=localhost/127.0.0.1,port=50002,localport=41276]--5431548784731639789 key is com.sun.crypto.provider.DESKey@fffe7a3f
200521 122727.332|INFO|Thread-9|getPublicKeyPacket|Generating Unencrypted Public Key Packet
200521 122727.333|INFO|Thread-9|getPublicKeyPacket|checking key:= SunJCE Diffie-Hellman Public Key:
y:
    7e592493 b97e7e36 a5e552c7 7ee9d877 33b0a668 f71eb074 c8cc9a5b 91ce1d3f
    646b7e8f a200eaf9 689804ac 14087ac1 e4aff060 f59d1e45 3eb17a7a 55e1f2c9
    cf321796 42d78976 7b1db94e 00e978f0 c4809b68 64ad894d e1ac6d61 cc5a2bee
    3a2ba87a 911bb970 a269037d 3640ea54 4f14923c 2bc05952 fbfec203 0e60858e
p:
    f488fd58 4e49dbcd 20b49de4 9107366b 336c380d 451d0f7c 88b31c7c 5b2d8ef6
    f3c923c0 43f0a55b 188d8ebb 558cb85d 38d334fd 7c175743 a31d186c de33212c
    b52aff3c e1b12940 18118d7c 84a70a72 d686c403 19c80729 7aca950c d9969fab
    d00a509b 0246d308 3d66a45d 419f9c7c bd894b22 1926baab a25ec355 e92f78c7
g:
    02
l:
    512
200521 122727.333|INFO|Thread-9|getPublicKeyPacket|packet:= edu.csus.ecs.pc2.core.transport.TransportWrapper@7b65284
