200521 092859.391|CONFIG|http-nio-8080-exec-1|setFileHandlers|Now logging to C:\Users\demid\Desktop\diplom\pc2v9-PC2_RELEASE_9_6_x\pc2\logs directory.
200521 092859.398|INFO|http-nio-8080-exec-1|info|
200521 092859.430|INFO|http-nio-8080-exec-1|info|Version 9 () Java ver 1.8.0_141 build  Windows 10 10.0 (amd64) 
200521 092859.431|INFO|http-nio-8080-exec-1|startLog|Working directory is C:\Users\demid\Desktop\diplom\pc2v9-PC2_RELEASE_9_6_x\pc2
200521 092859.432|INFO|http-nio-8080-exec-1|startLog|Process id is 7816@DESKTOP-PII08I3
200521 092859.432|INFO|http-nio-8080-exec-1|start|Starting ConnectionManager...
200521 092859.447|INFO|http-nio-8080-exec-1|start|Started ConnectionManager
200521 092859.449|INFO|http-nio-8080-exec-1|setClientServerAndPort|INIFile File location: file:/C:/Users/demid/Desktop/diplom/pc2v9-PC2_RELEASE_9_6_x/pc2/pc2v9.ini
200521 092859.449|INFO|http-nio-8080-exec-1|setClientServerAndPort|setClientServerAndPort localhost parsed as localhost port 50002
200521 092859.449|INFO|http-nio-8080-exec-1|info|Contacting server at localhost:50002
200521 092859.450|INFO|http-nio-8080-exec-1|connectToMyServer|Connecting to localhost:50002
200521 092859.467|INFO|Thread-57|receiveUnencrypted|receiveUnencrypted(TransportWrapper, ConnectionHandlerID=Socket[addr=localhost/127.0.0.1,port=50002,localport=61360]--6710126132975980525)
200521 092859.480|INFO|Thread-57|receiveUnencrypted|receiveUnencrypted Made a secret key for Socket[addr=localhost/127.0.0.1,port=50002,localport=61360]--6710126132975980525 key is com.sun.crypto.provider.DESKey@185c1
200521 092859.480|INFO|Thread-57|getPublicKeyPacket|Generating Unencrypted Public Key Packet
200521 092859.481|INFO|Thread-57|getPublicKeyPacket|checking key:= SunJCE Diffie-Hellman Public Key:
y:
    de58a358 e4ff48e3 131e40b9 7da385db f58b0cbc bf6e77c2 daccbbd4 3bcec614
    c9824f58 7bbf86d3 689e21d0 ababe425 10aaf1a9 84255040 972b019e 0acfa29a
    c3e1fd0b 27082242 2c197d16 0d740027 36c77e18 c24390ac 7df3722d a0e91094
    a7fc4d68 ff6fe5eb 65ca9cf4 45c71350 cafe2674 cbd10668 7b320672 620aea07
p:
    f488fd58 4e49dbcd 20b49de4 9107366b 336c380d 451d0f7c 88b31c7c 5b2d8ef6
    f3c923c0 43f0a55b 188d8ebb 558cb85d 38d334fd 7c175743 a31d186c de33212c
    b52aff3c e1b12940 18118d7c 84a70a72 d686c403 19c80729 7aca950c d9969fab
    d00a509b 0246d308 3d66a45d 419f9c7c bd894b22 1926baab a25ec355 e92f78c7
g:
    02
l:
    512
200521 092859.482|INFO|Thread-57|getPublicKeyPacket|packet:= edu.csus.ecs.pc2.core.transport.TransportWrapper@691f1832
200521 093218.324|INFO|Thread-57|receive|EOFException in receive for Socket[addr=localhost/127.0.0.1,port=50002,localport=61360]--6710126132975980525
|java.io.EOFException: null
|    at java.io.ObjectInputStream$BlockDataInputStream.peekByte (ObjectInputStream.java:2917)
|    at java.io.ObjectInputStream.readObject0 (ObjectInputStream.java:1502)
|    at java.io.ObjectInputStream.readObject (ObjectInputStream.java:422)
|    at edu.csus.ecs.pc2.core.transport.ConnectionHandlerThread.receive (ConnectionHandlerThread.java:151)
|    at edu.csus.ecs.pc2.core.transport.ConnectionHandlerClientThread.run (ConnectionHandlerClientThread.java:65)
200521 093218.338|FINER|Thread-57|run|THROW
|edu.csus.ecs.pc2.core.transport.TransportException: null
|    at edu.csus.ecs.pc2.core.transport.ConnectionHandlerThread.receive (ConnectionHandlerThread.java:158)
|    at edu.csus.ecs.pc2.core.transport.ConnectionHandlerClientThread.run (ConnectionHandlerClientThread.java:65)
200521 093218.339|FINER|Thread-57|run - e.getmessage is null()|THROW
|edu.csus.ecs.pc2.core.transport.TransportException: null
|    at edu.csus.ecs.pc2.core.transport.ConnectionHandlerThread.receive (ConnectionHandlerThread.java:158)
|    at edu.csus.ecs.pc2.core.transport.ConnectionHandlerClientThread.run (ConnectionHandlerClientThread.java:65)
