200521 092148.842|CONFIG|http-nio-8080-exec-1|setFileHandlers|Now logging to C:\Users\demid\Desktop\diplom\pc2v9-PC2_RELEASE_9_6_x\pc2\logs directory.
200521 092148.844|INFO|http-nio-8080-exec-1|info|
200521 092148.871|INFO|http-nio-8080-exec-1|info|Version 9 () Java ver 1.8.0_141 build  Windows 10 10.0 (amd64) 
200521 092148.872|INFO|http-nio-8080-exec-1|startLog|Working directory is C:\Users\demid\Desktop\diplom\pc2v9-PC2_RELEASE_9_6_x\pc2
200521 092148.873|INFO|http-nio-8080-exec-1|startLog|Process id is 7384@DESKTOP-PII08I3
200521 092148.874|INFO|http-nio-8080-exec-1|start|Starting ConnectionManager...
200521 092148.889|INFO|http-nio-8080-exec-1|start|Started ConnectionManager
200521 092148.892|INFO|http-nio-8080-exec-1|setClientServerAndPort|INIFile File location: file:/C:/Users/demid/Desktop/diplom/pc2v9-PC2_RELEASE_9_6_x/pc2/pc2v9.ini
200521 092148.892|INFO|http-nio-8080-exec-1|setClientServerAndPort|setClientServerAndPort localhost parsed as localhost port 50002
200521 092148.892|INFO|http-nio-8080-exec-1|info|Contacting server at localhost:50002
200521 092148.894|INFO|http-nio-8080-exec-1|connectToMyServer|Connecting to localhost:50002
200521 092148.914|INFO|Thread-63|receiveUnencrypted|receiveUnencrypted(TransportWrapper, ConnectionHandlerID=Socket[addr=localhost/127.0.0.1,port=50002,localport=61238]-8360524735919517903)
200521 092148.928|INFO|Thread-63|receiveUnencrypted|receiveUnencrypted Made a secret key for Socket[addr=localhost/127.0.0.1,port=50002,localport=61238]-8360524735919517903 key is com.sun.crypto.provider.DESKey@fffe7a0c
200521 092148.929|INFO|Thread-63|getPublicKeyPacket|Generating Unencrypted Public Key Packet
200521 092148.930|INFO|Thread-63|getPublicKeyPacket|checking key:= SunJCE Diffie-Hellman Public Key:
y:
    425a4720 58bb9501 08530d99 ed486e26 e45df1cd 4d390f25 f3717f92 b96e39cc
    2537c4b0 856c72c4 7b34e7e0 84c0d913 c26922e7 bbea5a27 5590748e baec8224
    ed0ac67e a090c9a3 4cec3313 200484ec 0d26275b 97127e47 93ac8826 7e014726
    04b6f61b a21b5812 e1716362 0db8512f 7652ff97 4ac00349 3c770cbd 20f0b2cc
p:
    f488fd58 4e49dbcd 20b49de4 9107366b 336c380d 451d0f7c 88b31c7c 5b2d8ef6
    f3c923c0 43f0a55b 188d8ebb 558cb85d 38d334fd 7c175743 a31d186c de33212c
    b52aff3c e1b12940 18118d7c 84a70a72 d686c403 19c80729 7aca950c d9969fab
    d00a509b 0246d308 3d66a45d 419f9c7c bd894b22 1926baab a25ec355 e92f78c7
g:
    02
l:
    512
200521 092148.930|INFO|Thread-63|getPublicKeyPacket|packet:= edu.csus.ecs.pc2.core.transport.TransportWrapper@4c689950
