200521 082250.898|CONFIG|http-nio-8080-exec-1|setFileHandlers|Now logging to C:\Users\demid\Desktop\diplom\pc2v9-PC2_RELEASE_9_6_x\pc2\logs directory.
200521 082250.901|INFO|http-nio-8080-exec-1|info|
200521 082250.932|INFO|http-nio-8080-exec-1|info|Version 9 () Java ver 1.8.0_141 build  Windows 10 10.0 (amd64) 
200521 082250.932|INFO|http-nio-8080-exec-1|startLog|Working directory is C:\Users\demid\Desktop\diplom\pc2v9-PC2_RELEASE_9_6_x\pc2
200521 082250.933|INFO|http-nio-8080-exec-1|startLog|Process id is 7740@DESKTOP-PII08I3
200521 082250.933|INFO|http-nio-8080-exec-1|start|Starting ConnectionManager...
200521 082250.946|INFO|http-nio-8080-exec-1|start|Started ConnectionManager
200521 082250.948|INFO|http-nio-8080-exec-1|setClientServerAndPort|INIFile File location: file:/C:/Users/demid/Desktop/diplom/pc2v9-PC2_RELEASE_9_6_x/pc2/pc2v9.ini
200521 082250.948|INFO|http-nio-8080-exec-1|setClientServerAndPort|setClientServerAndPort localhost parsed as localhost port 50002
200521 082250.949|INFO|http-nio-8080-exec-1|info|Contacting server at localhost:50002
200521 082250.950|INFO|http-nio-8080-exec-1|connectToMyServer|Connecting to localhost:50002
200521 082250.967|INFO|Thread-54|receiveUnencrypted|receiveUnencrypted(TransportWrapper, ConnectionHandlerID=Socket[addr=localhost/127.0.0.1,port=50002,localport=60762]--153247184936448307)
200521 082250.977|INFO|Thread-54|receiveUnencrypted|receiveUnencrypted Made a secret key for Socket[addr=localhost/127.0.0.1,port=50002,localport=60762]--153247184936448307 key is com.sun.crypto.provider.DESKey@1843c
200521 082250.977|INFO|Thread-54|getPublicKeyPacket|Generating Unencrypted Public Key Packet
200521 082250.978|INFO|Thread-54|getPublicKeyPacket|checking key:= SunJCE Diffie-Hellman Public Key:
y:
    5040af2f 6ea4940e 43480b8a 7c152262 0b974384 afaf74ac a8c2431e 9e78eea1
    eda297d4 4b55267c 71655776 448bfe92 d21aad60 28d015e7 f1fc222a 2bf224f5
    c3007ac7 87daf2b5 a5163568 1c2ebc17 509c4952 1ecbddc0 95827705 a6a39ad2
    cf8281c5 7de7eeb9 34208a1d 777a540d a7a39251 a054d979 026f55f2 9781de6e
p:
    f488fd58 4e49dbcd 20b49de4 9107366b 336c380d 451d0f7c 88b31c7c 5b2d8ef6
    f3c923c0 43f0a55b 188d8ebb 558cb85d 38d334fd 7c175743 a31d186c de33212c
    b52aff3c e1b12940 18118d7c 84a70a72 d686c403 19c80729 7aca950c d9969fab
    d00a509b 0246d308 3d66a45d 419f9c7c bd894b22 1926baab a25ec355 e92f78c7
g:
    02
l:
    512
200521 082250.978|INFO|Thread-54|getPublicKeyPacket|packet:= edu.csus.ecs.pc2.core.transport.TransportWrapper@18a467a5
