200521 093220.834|CONFIG|http-nio-8080-exec-9|setFileHandlers|Now logging to C:\Users\demid\Desktop\diplom\pc2v9-PC2_RELEASE_9_6_x\pc2\logs directory.
200521 093220.835|INFO|http-nio-8080-exec-9|info|
200521 093220.857|INFO|http-nio-8080-exec-9|info|Version 9 () Java ver 1.8.0_141 build  Windows 10 10.0 (amd64) 
200521 093220.857|INFO|http-nio-8080-exec-9|startLog|Working directory is C:\Users\demid\Desktop\diplom\pc2v9-PC2_RELEASE_9_6_x\pc2
200521 093220.857|INFO|http-nio-8080-exec-9|startLog|Process id is 7816@DESKTOP-PII08I3
200521 093220.857|INFO|http-nio-8080-exec-9|start|Starting ConnectionManager...
200521 093220.865|INFO|http-nio-8080-exec-9|start|Started ConnectionManager
200521 093220.867|INFO|http-nio-8080-exec-9|setClientServerAndPort|INIFile File location: file:/C:/Users/demid/Desktop/diplom/pc2v9-PC2_RELEASE_9_6_x/pc2/pc2v9.ini
200521 093220.867|INFO|http-nio-8080-exec-9|setClientServerAndPort|setClientServerAndPort localhost parsed as localhost port 50002
200521 093220.867|INFO|http-nio-8080-exec-9|info|Contacting server at localhost:50002
200521 093220.867|INFO|http-nio-8080-exec-9|connectToMyServer|Connecting to localhost:50002
200521 093220.873|INFO|Thread-67|receiveUnencrypted|receiveUnencrypted(TransportWrapper, ConnectionHandlerID=Socket[addr=localhost/127.0.0.1,port=50002,localport=61406]--7040147136314118907)
200521 093220.887|INFO|Thread-67|receiveUnencrypted|receiveUnencrypted Made a secret key for Socket[addr=localhost/127.0.0.1,port=50002,localport=61406]--7040147136314118907 key is com.sun.crypto.provider.DESKey@1843c
200521 093220.887|INFO|Thread-67|getPublicKeyPacket|Generating Unencrypted Public Key Packet
200521 093220.888|INFO|Thread-67|getPublicKeyPacket|checking key:= SunJCE Diffie-Hellman Public Key:
y:
    490b8eee ae29ffa2 7ce0b5f1 19886ddf 669b575c 0d2d6e71 a69c925d efc3606f
    a025a4cc 10b9582c 85c17c5e bc16691e 262129b8 2714fc97 61982ed7 f8143dbd
    90b39f22 6e6c460d 41ae75d3 07c561b6 0b2344e7 6e714d7b 8b0eaf4d fbb34832
    71595a3a 73429287 30d89f97 174364fe 0c980d3a a2c288f9 132e1000 769ce9c8
p:
    f488fd58 4e49dbcd 20b49de4 9107366b 336c380d 451d0f7c 88b31c7c 5b2d8ef6
    f3c923c0 43f0a55b 188d8ebb 558cb85d 38d334fd 7c175743 a31d186c de33212c
    b52aff3c e1b12940 18118d7c 84a70a72 d686c403 19c80729 7aca950c d9969fab
    d00a509b 0246d308 3d66a45d 419f9c7c bd894b22 1926baab a25ec355 e92f78c7
g:
    02
l:
    512
200521 093220.888|INFO|Thread-67|getPublicKeyPacket|packet:= edu.csus.ecs.pc2.core.transport.TransportWrapper@47d8d17c
