200520 095158.736|CONFIG|main|setFileHandlers|Now logging to C:\Users\demid\Desktop\diplom\pc2v9-PC2_RELEASE_9_6_x\pc2\logs directory.
200520 095158.765|INFO|main|info|
200520 095158.795|INFO|main|info|Version 9 () Java ver 14.0.1 build  Windows 10 10.0 (amd64) 
200520 095158.797|INFO|main|startLog|Working directory is C:\Users\demid\Desktop\diplom\pc2v9-PC2_RELEASE_9_6_x\pc2
200520 095158.841|INFO|main|startLog|Process id is 7208@DESKTOP-PII08I3
200520 095158.841|INFO|main|start|Starting ConnectionManager...
200520 095158.988|INFO|main|start|Started ConnectionManager
200520 095158.993|INFO|main|setClientServerAndPort|INIFile File location: file:/C:/Users/demid/Desktop/diplom/pc2v9-PC2_RELEASE_9_6_x/pc2/pc2v9.ini
200520 095158.998|INFO|main|setClientServerAndPort|setClientServerAndPort localhost parsed as localhost port 50002
200520 095159.003|INFO|main|info|Contacting server at localhost:50002
200520 095159.004|INFO|main|connectToMyServer|Connecting to localhost:50002
200520 095159.066|INFO|Thread-0|receiveUnencrypted|receiveUnencrypted(TransportWrapper, ConnectionHandlerID=Socket[addr=localhost/127.0.0.1,port=50002,localport=56297]--120613419225760784)
200520 095159.101|INFO|Thread-0|receiveUnencrypted|receiveUnencrypted Made a secret key for Socket[addr=localhost/127.0.0.1,port=50002,localport=56297]--120613419225760784 key is com.sun.crypto.provider.DESKey@fffe7be2
200520 095159.102|INFO|Thread-0|getPublicKeyPacket|Generating Unencrypted Public Key Packet
200520 095159.104|INFO|Thread-0|getPublicKeyPacket|checking key:= SunJCE Diffie-Hellman Public Key:
y:
    25aef5a2 425225d7 f1e2ade0 7fdc61b6 7171a5fa df7f47ee 83b49e13 72d23b1c
    4b7170b2 92e314ab 2bb762e0 78234014 5054ddd0 9195b6ec 49633d6e c76b0e92
    660cf4c5 7758f627 ee53695b b021fa51 60e7cfde 91e83c38 8b5934cf bacfb13f
    058328e5 9d7ee959 3243ce84 29e95831 d6dd9e52 aca3bae7 5eb6cbe1 72aae45f
p:
    f488fd58 4e49dbcd 20b49de4 9107366b 336c380d 451d0f7c 88b31c7c 5b2d8ef6
    f3c923c0 43f0a55b 188d8ebb 558cb85d 38d334fd 7c175743 a31d186c de33212c
    b52aff3c e1b12940 18118d7c 84a70a72 d686c403 19c80729 7aca950c d9969fab
    d00a509b 0246d308 3d66a45d 419f9c7c bd894b22 1926baab a25ec355 e92f78c7
g:
    02
l:
    512
200520 095159.105|INFO|Thread-0|getPublicKeyPacket|packet:= edu.csus.ecs.pc2.core.transport.TransportWrapper@170b1dda
