200520 230958.210|CONFIG|main|setFileHandlers|Now logging to C:\Users\demid\Desktop\diplom\pc2v9-PC2_RELEASE_9_6_x\pc2\logs directory.
200520 230958.212|INFO|main|info|
200520 230958.240|INFO|main|info|Version 9 () Java ver 1.8.0_141 build  Windows 10 10.0 (amd64) 
200520 230958.240|INFO|main|startLog|Working directory is C:\Users\demid\Desktop\diplom\pc2v9-PC2_RELEASE_9_6_x\pc2
200520 230958.241|INFO|main|startLog|Process id is 11552@DESKTOP-PII08I3
200520 230958.242|INFO|main|start|Starting ConnectionManager...
200520 230958.255|INFO|main|start|Started ConnectionManager
200520 230958.258|INFO|main|setClientServerAndPort|INIFile File location: file:/C:/Users/demid/Desktop/diplom/pc2v9-PC2_RELEASE_9_6_x/pc2/pc2v9.ini
200520 230958.259|INFO|main|setClientServerAndPort|setClientServerAndPort localhost parsed as localhost port 50002
200520 230958.259|INFO|main|info|Contacting server at localhost:50002
200520 230958.261|INFO|main|connectToMyServer|Connecting to localhost:50002
200520 230958.279|INFO|Thread-54|receiveUnencrypted|receiveUnencrypted(TransportWrapper, ConnectionHandlerID=Socket[addr=localhost/127.0.0.1,port=50002,localport=59955]-683341231029558620)
200520 230958.290|INFO|Thread-54|receiveUnencrypted|receiveUnencrypted Made a secret key for Socket[addr=localhost/127.0.0.1,port=50002,localport=59955]-683341231029558620 key is com.sun.crypto.provider.DESKey@18694
200520 230958.290|INFO|Thread-54|getPublicKeyPacket|Generating Unencrypted Public Key Packet
200520 230958.292|INFO|Thread-54|getPublicKeyPacket|checking key:= SunJCE Diffie-Hellman Public Key:
y:
    091bb9dd b859f17c bf023295 38faf70b 588a921b e56be100 75f7b49d a1dd6bb5
    063f6cf7 fdb49d21 2248294f ba8b4a55 32662947 1d596f15 cb2af6bc 55b155ea
    823e797c 929e8893 49c9c5c2 f4e7081a 2a584b17 5c377d21 0f43d336 d32ff9ba
    e58410ac af1ff3ad a2620982 6f7e3799 bd0c682e 5b3c4c2f 1d7f387b a2b670c7
p:
    f488fd58 4e49dbcd 20b49de4 9107366b 336c380d 451d0f7c 88b31c7c 5b2d8ef6
    f3c923c0 43f0a55b 188d8ebb 558cb85d 38d334fd 7c175743 a31d186c de33212c
    b52aff3c e1b12940 18118d7c 84a70a72 d686c403 19c80729 7aca950c d9969fab
    d00a509b 0246d308 3d66a45d 419f9c7c bd894b22 1926baab a25ec355 e92f78c7
g:
    02
l:
    512
200520 230958.292|INFO|Thread-54|getPublicKeyPacket|packet:= edu.csus.ecs.pc2.core.transport.TransportWrapper@69ffd65e
