200520 224449.620|CONFIG|main|setFileHandlers|Now logging to C:\Users\demid\Desktop\diplom\pc2v9-PC2_RELEASE_9_6_x\pc2\logs directory.
200520 224449.623|INFO|main|info|
200520 224449.654|INFO|main|info|Version 9 () Java ver 1.8.0_141 build  Windows 10 10.0 (amd64) 
200520 224449.655|INFO|main|startLog|Working directory is C:\Users\demid\Desktop\diplom\pc2v9-PC2_RELEASE_9_6_x\pc2
200520 224449.680|INFO|main|startLog|Process id is 6568@DESKTOP-PII08I3
200520 224449.681|INFO|main|start|Starting ConnectionManager...
200520 224450.305|INFO|main|start|Started ConnectionManager
200520 224450.319|INFO|main|setClientServerAndPort|INIFile File location: file:/C:/Users/demid/Desktop/diplom/pc2v9-PC2_RELEASE_9_6_x/pc2/pc2v9.ini
200520 224450.320|INFO|main|setClientServerAndPort|setClientServerAndPort localhost parsed as localhost port 50002
200520 224450.320|INFO|main|info|Contacting server at localhost:50002
200520 224450.323|INFO|main|connectToMyServer|Connecting to localhost:50002
200520 224456.833|INFO|Thread-1|receive|EOFException in receive for Socket[addr=localhost/127.0.0.1,port=50002,localport=59672]--7408287854708636088
|java.io.EOFException: null
|    at java.io.ObjectInputStream$BlockDataInputStream.peekByte (ObjectInputStream.java:2917)
|    at java.io.ObjectInputStream.readObject0 (ObjectInputStream.java:1502)
|    at java.io.ObjectInputStream.readObject (ObjectInputStream.java:422)
|    at edu.csus.ecs.pc2.core.transport.ConnectionHandlerThread.receive (ConnectionHandlerThread.java:151)
|    at edu.csus.ecs.pc2.core.transport.ConnectionHandlerClientThread.run (ConnectionHandlerClientThread.java:65)
200520 224501.811|FINER|Thread-1|run|THROW
|edu.csus.ecs.pc2.core.transport.TransportException: null
|    at edu.csus.ecs.pc2.core.transport.ConnectionHandlerThread.receive (ConnectionHandlerThread.java:158)
|    at edu.csus.ecs.pc2.core.transport.ConnectionHandlerClientThread.run (ConnectionHandlerClientThread.java:65)
200520 224501.812|FINER|Thread-1|run - e.getmessage is null()|THROW
|edu.csus.ecs.pc2.core.transport.TransportException: null
|    at edu.csus.ecs.pc2.core.transport.ConnectionHandlerThread.receive (ConnectionHandlerThread.java:158)
|    at edu.csus.ecs.pc2.core.transport.ConnectionHandlerClientThread.run (ConnectionHandlerClientThread.java:65)
