200521 083105.844|CONFIG|http-nio-8080-exec-1|setFileHandlers|Now logging to C:\Users\demid\Desktop\diplom\pc2v9-PC2_RELEASE_9_6_x\pc2\logs directory.
200521 083105.848|INFO|http-nio-8080-exec-1|info|
200521 083105.873|INFO|http-nio-8080-exec-1|info|Version 9 () Java ver 1.8.0_141 build  Windows 10 10.0 (amd64) 
200521 083105.874|INFO|http-nio-8080-exec-1|startLog|Working directory is C:\Users\demid\Desktop\diplom\pc2v9-PC2_RELEASE_9_6_x\pc2
200521 083105.874|INFO|http-nio-8080-exec-1|startLog|Process id is 7844@DESKTOP-PII08I3
200521 083105.875|INFO|http-nio-8080-exec-1|start|Starting ConnectionManager...
200521 083105.889|INFO|http-nio-8080-exec-1|start|Started ConnectionManager
200521 083105.891|INFO|http-nio-8080-exec-1|setClientServerAndPort|INIFile File location: file:/C:/Users/demid/Desktop/diplom/pc2v9-PC2_RELEASE_9_6_x/pc2/pc2v9.ini
200521 083105.891|INFO|http-nio-8080-exec-1|setClientServerAndPort|setClientServerAndPort localhost parsed as localhost port 50002
200521 083105.892|INFO|http-nio-8080-exec-1|info|Contacting server at localhost:50002
200521 083105.893|INFO|http-nio-8080-exec-1|connectToMyServer|Connecting to localhost:50002
200521 083105.912|INFO|Thread-62|receiveUnencrypted|receiveUnencrypted(TransportWrapper, ConnectionHandlerID=Socket[addr=localhost/127.0.0.1,port=50002,localport=60885]-7744817393928588649)
200521 083105.922|INFO|Thread-62|receiveUnencrypted|receiveUnencrypted Made a secret key for Socket[addr=localhost/127.0.0.1,port=50002,localport=60885]-7744817393928588649 key is com.sun.crypto.provider.DESKey@18732
200521 083105.923|INFO|Thread-62|getPublicKeyPacket|Generating Unencrypted Public Key Packet
200521 083105.924|INFO|Thread-62|getPublicKeyPacket|checking key:= SunJCE Diffie-Hellman Public Key:
y:
    09184e79 590aba06 fe0e6f87 f36f7cc1 ee7eec56 f4198736 70f090c7 a75d4e64
    4ae1da69 501e0b65 70d4e393 863c2bd6 046eda33 692a601a 87abd787 eb6d0380
    eef00176 a84a97fd e9afcb22 154ef294 7afe2833 20adabe6 bcad402c cad1b8b3
    8f710439 06551215 f1bf51ef 9f1b37f3 60e6d469 8b228355 9f989846 0e0ca0a7
p:
    f488fd58 4e49dbcd 20b49de4 9107366b 336c380d 451d0f7c 88b31c7c 5b2d8ef6
    f3c923c0 43f0a55b 188d8ebb 558cb85d 38d334fd 7c175743 a31d186c de33212c
    b52aff3c e1b12940 18118d7c 84a70a72 d686c403 19c80729 7aca950c d9969fab
    d00a509b 0246d308 3d66a45d 419f9c7c bd894b22 1926baab a25ec355 e92f78c7
g:
    02
l:
    512
200521 083105.924|INFO|Thread-62|getPublicKeyPacket|packet:= edu.csus.ecs.pc2.core.transport.TransportWrapper@7a37cace
