200520 230312.189|CONFIG|main|setFileHandlers|Now logging to C:\Users\demid\Desktop\diplom\pc2v9-PC2_RELEASE_9_6_x\pc2\logs directory.
200520 230312.192|INFO|main|info|
200520 230312.216|INFO|main|info|Version 9 () Java ver 1.8.0_141 build  Windows 10 10.0 (amd64) 
200520 230312.217|INFO|main|startLog|Working directory is C:\Users\demid\Desktop\diplom\pc2v9-PC2_RELEASE_9_6_x\pc2
200520 230312.218|INFO|main|startLog|Process id is 1620@DESKTOP-PII08I3
200520 230312.218|INFO|main|start|Starting ConnectionManager...
200520 230312.237|INFO|main|start|Started ConnectionManager
200520 230312.239|INFO|main|setClientServerAndPort|INIFile File location: file:/C:/Users/demid/Desktop/diplom/pc2v9-PC2_RELEASE_9_6_x/pc2/pc2v9.ini
200520 230312.239|INFO|main|setClientServerAndPort|setClientServerAndPort localhost parsed as localhost port 50002
200520 230312.239|INFO|main|info|Contacting server at localhost:50002
200520 230312.241|INFO|main|connectToMyServer|Connecting to localhost:50002
200520 230312.260|INFO|Thread-58|receiveUnencrypted|receiveUnencrypted(TransportWrapper, ConnectionHandlerID=Socket[addr=localhost/127.0.0.1,port=50002,localport=59855]--1385408681274810144)
200520 230312.274|INFO|Thread-58|receiveUnencrypted|receiveUnencrypted Made a secret key for Socket[addr=localhost/127.0.0.1,port=50002,localport=59855]--1385408681274810144 key is com.sun.crypto.provider.DESKey@fffe7b0b
200520 230312.274|INFO|Thread-58|getPublicKeyPacket|Generating Unencrypted Public Key Packet
200520 230312.276|INFO|Thread-58|getPublicKeyPacket|checking key:= SunJCE Diffie-Hellman Public Key:
y:
    692fe2b2 96d962aa 81c07117 51891145 0b57125e 0b4010a8 6fca380c ee952410
    8c751c4c 94c9572a f782fa61 57082a08 30caf17d 4bb2e1fe 6468bef4 89b0b366
    32d6a9b1 16205883 76991fda 2376c43f 1b882b2d bf1d7417 8d38c8fa c4c59296
    a108d205 56170182 647a06e7 fd66ca0d 0c3a7ce0 b90826d2 23534fa6 dfb770db
p:
    f488fd58 4e49dbcd 20b49de4 9107366b 336c380d 451d0f7c 88b31c7c 5b2d8ef6
    f3c923c0 43f0a55b 188d8ebb 558cb85d 38d334fd 7c175743 a31d186c de33212c
    b52aff3c e1b12940 18118d7c 84a70a72 d686c403 19c80729 7aca950c d9969fab
    d00a509b 0246d308 3d66a45d 419f9c7c bd894b22 1926baab a25ec355 e92f78c7
g:
    02
l:
    512
200520 230312.276|INFO|Thread-58|getPublicKeyPacket|packet:= edu.csus.ecs.pc2.core.transport.TransportWrapper@72d81017
