200520 102825.636|CONFIG|main|setFileHandlers|Now logging to C:\Users\demid\Desktop\diplom\pc2v9-PC2_RELEASE_9_6_x\pc2\logs directory.
200520 102825.680|INFO|main|info|
200520 102825.732|INFO|main|info|Version 9 () Java ver 14.0.1 build  Windows 10 10.0 (amd64) 
200520 102825.733|INFO|main|startLog|Working directory is C:\Users\demid\Desktop\diplom\pc2v9-PC2_RELEASE_9_6_x\pc2
200520 102825.794|INFO|main|startLog|Process id is 9196@DESKTOP-PII08I3
200520 102825.795|INFO|main|start|Starting ConnectionManager...
200520 102825.951|INFO|main|start|Started ConnectionManager
200520 102825.957|INFO|main|setClientServerAndPort|INIFile File location: file:/C:/Users/demid/Desktop/diplom/pc2v9-PC2_RELEASE_9_6_x/pc2/pc2v9.ini
200520 102825.963|INFO|main|setClientServerAndPort|setClientServerAndPort localhost parsed as localhost port 50002
200520 102825.969|INFO|main|info|Contacting server at localhost:50002
200520 102825.971|INFO|main|connectToMyServer|Connecting to localhost:50002
200520 102826.054|INFO|Thread-0|receiveUnencrypted|receiveUnencrypted(TransportWrapper, ConnectionHandlerID=Socket[addr=localhost/127.0.0.1,port=50002,localport=56491]--5053178399092267273)
200520 102826.136|INFO|Thread-0|receiveUnencrypted|receiveUnencrypted Made a secret key for Socket[addr=localhost/127.0.0.1,port=50002,localport=56491]--5053178399092267273 key is com.sun.crypto.provider.DESKey@fffe7ce3
200520 102826.138|INFO|Thread-0|getPublicKeyPacket|Generating Unencrypted Public Key Packet
200520 102826.144|INFO|Thread-0|getPublicKeyPacket|checking key:= SunJCE Diffie-Hellman Public Key:
y:
    62b90e39 6a953e54 06d48184 275aaf1f 38b2e7eb 51f59f92 48304baf ae25a124
    4fc5d20f 47736a5c d977800f 3f5f8262 556757b1 7af8b81d e2d52d5f e4fb72db
    ca0ec604 6bd77776 0e6d9d01 15c244bb babafa84 ff064378 5b73daad ab0ceb49
    28bee9b6 0113990c 748c4137 ac8f1eb2 4a53ff95 041355db 1ad5727f 9c0af3db
p:
    f488fd58 4e49dbcd 20b49de4 9107366b 336c380d 451d0f7c 88b31c7c 5b2d8ef6
    f3c923c0 43f0a55b 188d8ebb 558cb85d 38d334fd 7c175743 a31d186c de33212c
    b52aff3c e1b12940 18118d7c 84a70a72 d686c403 19c80729 7aca950c d9969fab
    d00a509b 0246d308 3d66a45d 419f9c7c bd894b22 1926baab a25ec355 e92f78c7
g:
    02
l:
    512
200520 102826.146|INFO|Thread-0|getPublicKeyPacket|packet:= edu.csus.ecs.pc2.core.transport.TransportWrapper@6802acd2
