200521 093218.187|CONFIG|http-nio-8080-exec-8|setFileHandlers|Now logging to C:\Users\demid\Desktop\diplom\pc2v9-PC2_RELEASE_9_6_x\pc2\logs directory.
200521 093218.188|INFO|http-nio-8080-exec-8|info|
200521 093218.242|INFO|http-nio-8080-exec-8|info|Version 9 () Java ver 1.8.0_141 build  Windows 10 10.0 (amd64) 
200521 093218.243|INFO|http-nio-8080-exec-8|startLog|Working directory is C:\Users\demid\Desktop\diplom\pc2v9-PC2_RELEASE_9_6_x\pc2
200521 093218.245|INFO|http-nio-8080-exec-8|startLog|Process id is 7816@DESKTOP-PII08I3
200521 093218.245|INFO|http-nio-8080-exec-8|start|Starting ConnectionManager...
200521 093218.253|INFO|http-nio-8080-exec-8|start|Started ConnectionManager
200521 093218.255|INFO|http-nio-8080-exec-8|setClientServerAndPort|INIFile File location: file:/C:/Users/demid/Desktop/diplom/pc2v9-PC2_RELEASE_9_6_x/pc2/pc2v9.ini
200521 093218.255|INFO|http-nio-8080-exec-8|setClientServerAndPort|setClientServerAndPort localhost parsed as localhost port 50002
200521 093218.256|INFO|http-nio-8080-exec-8|info|Contacting server at localhost:50002
200521 093218.256|INFO|http-nio-8080-exec-8|connectToMyServer|Connecting to localhost:50002
200521 093218.268|INFO|Thread-61|receiveUnencrypted|receiveUnencrypted(TransportWrapper, ConnectionHandlerID=Socket[addr=localhost/127.0.0.1,port=50002,localport=61404]-7857081417058395416)
200521 093218.280|INFO|Thread-61|receiveUnencrypted|receiveUnencrypted Made a secret key for Socket[addr=localhost/127.0.0.1,port=50002,localport=61404]-7857081417058395416 key is com.sun.crypto.provider.DESKey@fffe7b31
200521 093218.280|INFO|Thread-61|getPublicKeyPacket|Generating Unencrypted Public Key Packet
200521 093218.281|INFO|Thread-61|getPublicKeyPacket|checking key:= SunJCE Diffie-Hellman Public Key:
y:
    91db740f 016c770e c710a2be d6e17857 b8eb6455 13b5b3fa 9d2e959a 29d76f7a
    03538f65 c8318dc8 a22b1856 e7d44686 6329f2ae 161e951f ffb123d8 d75697e8
    4a0948ee 62937e78 0ba16fa0 4c90fd17 b30d7146 416359e6 98459c8a ad6abe70
    a2bcb942 73b52066 eb935ddc ce6415cb 0bd79eee 9f78d966 1a986e84 2bd0b436
p:
    f488fd58 4e49dbcd 20b49de4 9107366b 336c380d 451d0f7c 88b31c7c 5b2d8ef6
    f3c923c0 43f0a55b 188d8ebb 558cb85d 38d334fd 7c175743 a31d186c de33212c
    b52aff3c e1b12940 18118d7c 84a70a72 d686c403 19c80729 7aca950c d9969fab
    d00a509b 0246d308 3d66a45d 419f9c7c bd894b22 1926baab a25ec355 e92f78c7
g:
    02
l:
    512
200521 093218.282|INFO|Thread-61|getPublicKeyPacket|packet:= edu.csus.ecs.pc2.core.transport.TransportWrapper@3897c79b
200521 093220.929|INFO|Thread-61|receive|EOFException in receive for Socket[addr=localhost/127.0.0.1,port=50002,localport=61404]-7857081417058395416
|java.io.EOFException: null
|    at java.io.ObjectInputStream$BlockDataInputStream.peekByte (ObjectInputStream.java:2917)
|    at java.io.ObjectInputStream.readObject0 (ObjectInputStream.java:1502)
|    at java.io.ObjectInputStream.readObject (ObjectInputStream.java:422)
|    at edu.csus.ecs.pc2.core.transport.ConnectionHandlerThread.receive (ConnectionHandlerThread.java:151)
|    at edu.csus.ecs.pc2.core.transport.ConnectionHandlerClientThread.run (ConnectionHandlerClientThread.java:65)
200521 093220.929|FINER|Thread-61|run|THROW
|edu.csus.ecs.pc2.core.transport.TransportException: null
|    at edu.csus.ecs.pc2.core.transport.ConnectionHandlerThread.receive (ConnectionHandlerThread.java:158)
|    at edu.csus.ecs.pc2.core.transport.ConnectionHandlerClientThread.run (ConnectionHandlerClientThread.java:65)
200521 093220.929|FINER|Thread-61|run - e.getmessage is null()|THROW
|edu.csus.ecs.pc2.core.transport.TransportException: null
|    at edu.csus.ecs.pc2.core.transport.ConnectionHandlerThread.receive (ConnectionHandlerThread.java:158)
|    at edu.csus.ecs.pc2.core.transport.ConnectionHandlerClientThread.run (ConnectionHandlerClientThread.java:65)
