200521 082056.643|CONFIG|http-nio-8080-exec-2|setFileHandlers|Now logging to C:\Users\demid\Desktop\diplom\pc2v9-PC2_RELEASE_9_6_x\pc2\logs directory.
200521 082056.647|INFO|http-nio-8080-exec-2|info|
200521 082056.677|INFO|http-nio-8080-exec-2|info|Version 9 () Java ver 1.8.0_141 build  Windows 10 10.0 (amd64) 
200521 082056.678|INFO|http-nio-8080-exec-2|startLog|Working directory is C:\Users\demid\Desktop\diplom\pc2v9-PC2_RELEASE_9_6_x\pc2
200521 082056.679|INFO|http-nio-8080-exec-2|startLog|Process id is 14196@DESKTOP-PII08I3
200521 082056.679|INFO|http-nio-8080-exec-2|start|Starting ConnectionManager...
200521 082056.693|INFO|http-nio-8080-exec-2|start|Started ConnectionManager
200521 082056.694|INFO|http-nio-8080-exec-2|setClientServerAndPort|INIFile File location: file:/C:/Users/demid/Desktop/diplom/pc2v9-PC2_RELEASE_9_6_x/pc2/pc2v9.ini
200521 082056.695|INFO|http-nio-8080-exec-2|setClientServerAndPort|setClientServerAndPort localhost parsed as localhost port 50002
200521 082056.695|INFO|http-nio-8080-exec-2|info|Contacting server at localhost:50002
200521 082056.696|INFO|http-nio-8080-exec-2|connectToMyServer|Connecting to localhost:50002
200521 082056.717|INFO|Thread-59|receiveUnencrypted|receiveUnencrypted(TransportWrapper, ConnectionHandlerID=Socket[addr=localhost/127.0.0.1,port=50002,localport=60679]-7156748062053547489)
200521 082056.730|INFO|Thread-59|receiveUnencrypted|receiveUnencrypted Made a secret key for Socket[addr=localhost/127.0.0.1,port=50002,localport=60679]-7156748062053547489 key is com.sun.crypto.provider.DESKey@18491
200521 082056.730|INFO|Thread-59|getPublicKeyPacket|Generating Unencrypted Public Key Packet
200521 082056.731|INFO|Thread-59|getPublicKeyPacket|checking key:= SunJCE Diffie-Hellman Public Key:
y:
    a14d10f9 7c67befd 6087f131 95c2cce0 1be1fde5 12ca3133 7dca8511 95b90a1b
    75e8703c b10d1cc7 fa1a721e 8bbbf834 c267e035 aeed9c92 cf1b5aa5 d89e95f2
    d14993b6 9314351b cb34da66 39bfde77 11389fff d5a5061d 5d96d210 1e7c478b
    92a9d477 a8c4dbd7 ccb5da6b d20307a8 fc1ddc9f f1645fcb 01e66efc 0ad3e353
p:
    f488fd58 4e49dbcd 20b49de4 9107366b 336c380d 451d0f7c 88b31c7c 5b2d8ef6
    f3c923c0 43f0a55b 188d8ebb 558cb85d 38d334fd 7c175743 a31d186c de33212c
    b52aff3c e1b12940 18118d7c 84a70a72 d686c403 19c80729 7aca950c d9969fab
    d00a509b 0246d308 3d66a45d 419f9c7c bd894b22 1926baab a25ec355 e92f78c7
g:
    02
l:
    512
200521 082056.732|INFO|Thread-59|getPublicKeyPacket|packet:= edu.csus.ecs.pc2.core.transport.TransportWrapper@3021672f
