200520 223500.732|CONFIG|main|setFileHandlers|Now logging to C:\Users\demid\Desktop\diplom\pc2v9-PC2_RELEASE_9_6_x\pc2\logs directory.
200520 223500.736|INFO|main|info|
200520 223500.760|INFO|main|info|Version 9 () Java ver 1.8.0_141 build  Windows 10 10.0 (amd64) 
200520 223500.761|INFO|main|startLog|Working directory is C:\Users\demid\Desktop\diplom\pc2v9-PC2_RELEASE_9_6_x\pc2
200520 223500.762|INFO|main|startLog|Process id is 1260@DESKTOP-PII08I3
200520 223500.762|INFO|main|start|Starting ConnectionManager...
200520 223500.905|INFO|main|start|Started ConnectionManager
200520 223500.913|INFO|main|setClientServerAndPort|INIFile File location: file:/C:/Users/demid/Desktop/diplom/pc2v9-PC2_RELEASE_9_6_x/pc2/pc2v9.ini
200520 223500.914|INFO|main|setClientServerAndPort|setClientServerAndPort localhost parsed as localhost port 50002
200520 223500.914|INFO|main|info|Contacting server at localhost:50002
200520 223500.919|INFO|main|connectToMyServer|Connecting to localhost:50002
200520 223502.933|INFO|main|<init>|IO Exception:localhost
200520 223502.940|INFO|main|connectToMyServer|Could not ConnectToMyServer()
200520 223502.941|INFO|main|start|Exception contacting my server 
|edu.csus.ecs.pc2.core.transport.TransportException: Connection refused: connect
|    at edu.csus.ecs.pc2.core.transport.TransportManager.connectToMyServer (TransportManager.java:197)
|    at edu.csus.ecs.pc2.core.transport.connection.ConnectionManager.connectToMyServer (ConnectionManager.java:99)
|    at edu.csus.ecs.pc2.core.InternalController.start (InternalController.java:2856)
|    at edu.csus.ecs.pc2.Starter.main (Starter.java:37)
|    at ru.vkr.vkr.VkrApplication.main (VkrApplication.java:12)
200520 223502.942|INFO|main|info|Unable to contact server at localhost:0 Connection refused: connect
200520 223502.942|SEVERE|main|fatalError|Unable to contact server at: localhost:50002, contact staff
|edu.csus.ecs.pc2.core.transport.TransportException: Connection refused: connect
|    at edu.csus.ecs.pc2.core.transport.TransportManager.connectToMyServer (TransportManager.java:197)
|    at edu.csus.ecs.pc2.core.transport.connection.ConnectionManager.connectToMyServer (ConnectionManager.java:99)
|    at edu.csus.ecs.pc2.core.InternalController.start (InternalController.java:2856)
|    at edu.csus.ecs.pc2.Starter.main (Starter.java:37)
|    at ru.vkr.vkr.VkrApplication.main (VkrApplication.java:12)
200520 223502.943|INFO|main|fatalError|PC^2 halted
