200520 121323.233|CONFIG|main|setFileHandlers|Now logging to C:\Users\demid\Desktop\diplom\pc2v9-PC2_RELEASE_9_6_x\pc2\logs directory.
200520 121323.278|INFO|main|info|
200520 121323.332|INFO|main|info|Version 9 () Java ver 14.0.1 build  Windows 10 10.0 (amd64) 
200520 121323.334|INFO|main|startLog|Working directory is C:\Users\demid\Desktop\diplom\pc2v9-PC2_RELEASE_9_6_x\pc2
200520 121323.397|INFO|main|startLog|Process id is 11428@DESKTOP-PII08I3
200520 121323.398|INFO|main|start|Starting ConnectionManager...
200520 121323.649|INFO|main|start|Started ConnectionManager
200520 121323.661|INFO|main|setClientServerAndPort|INIFile File location: file:/C:/Users/demid/Desktop/diplom/pc2v9-PC2_RELEASE_9_6_x/pc2/pc2v9.ini
200520 121323.670|INFO|main|setClientServerAndPort|setClientServerAndPort localhost parsed as localhost port 50002
200520 121323.680|INFO|main|info|Contacting server at localhost:50002
200520 121323.682|INFO|main|connectToMyServer|Connecting to localhost:50002
200520 121323.763|INFO|Thread-0|receiveUnencrypted|receiveUnencrypted(TransportWrapper, ConnectionHandlerID=Socket[addr=localhost/127.0.0.1,port=50002,localport=56870]-6896440022591795066)
200520 121323.792|INFO|Thread-0|receiveUnencrypted|receiveUnencrypted Made a secret key for Socket[addr=localhost/127.0.0.1,port=50002,localport=56870]-6896440022591795066 key is com.sun.crypto.provider.DESKey@fffe7be4
200520 121323.794|INFO|Thread-0|getPublicKeyPacket|Generating Unencrypted Public Key Packet
200520 121323.801|INFO|Thread-0|getPublicKeyPacket|checking key:= SunJCE Diffie-Hellman Public Key:
y:
    99c25c28 b1cafaac fa09b285 08a3d70f 06ece133 9d55b18c c7c4a273 960934f2
    5a846cf9 8e8f4c3e f3cd26cb 8c2aed44 c6c6800b 11fb2feb 264068bc a5fa9a0d
    9b51e830 5dd58f60 4a166fba 5965b6b7 7f77d721 16b9f7db bce2e508 d330814b
    86847a88 04dd7da8 5daf3dfb b271c447 761bfc11 79b51e68 8f5e7968 be1aeaaf
p:
    f488fd58 4e49dbcd 20b49de4 9107366b 336c380d 451d0f7c 88b31c7c 5b2d8ef6
    f3c923c0 43f0a55b 188d8ebb 558cb85d 38d334fd 7c175743 a31d186c de33212c
    b52aff3c e1b12940 18118d7c 84a70a72 d686c403 19c80729 7aca950c d9969fab
    d00a509b 0246d308 3d66a45d 419f9c7c bd894b22 1926baab a25ec355 e92f78c7
g:
    02
l:
    512
