200520 091705.535|CONFIG|main|setFileHandlers|Now logging to C:\Users\demid\Desktop\diplom\pc2v9-PC2_RELEASE_9_6_x\bin\logs directory.
200520 091705.540|INFO|main|info|
200520 091705.548|INFO|main|info|Version 9.6.0 () Java ver 14.0.1 build 5102 Windows 10 10.0 (amd64) 
200520 091705.549|INFO|main|startLog|Working directory is C:\Users\demid\Desktop\diplom\pc2v9-PC2_RELEASE_9_6_x\bin
200520 091705.604|INFO|main|startLog|Process id is 13048@DESKTOP-PII08I3
200520 091705.605|INFO|main|start|Starting ConnectionManager...
200520 091705.722|INFO|main|start|Started ConnectionManager
200520 091705.726|INFO|main|setClientServerAndPort|INIFile File location: file:/C:/Users/demid/Desktop/diplom/pc2v9-PC2_RELEASE_9_6_x/bin/pc2v9.ini
200520 091705.727|INFO|main|setClientServerAndPort|setClientServerAndPort localhost parsed as localhost port 50002
200520 091705.727|INFO|main|info|Contacting server at localhost:50002
200520 091705.728|INFO|main|connectToMyServer|Connecting to localhost:50002
200520 091705.784|INFO|Thread-0|receiveUnencrypted|receiveUnencrypted(TransportWrapper, ConnectionHandlerID=Socket[addr=localhost/127.0.0.1,port=50002,localport=56125]--4738165713601262309)
200520 091705.811|INFO|Thread-0|receiveUnencrypted|receiveUnencrypted Made a secret key for Socket[addr=localhost/127.0.0.1,port=50002,localport=56125]--4738165713601262309 key is com.sun.crypto.provider.DESKey@fffe7fbf
200520 091705.812|INFO|Thread-0|getPublicKeyPacket|Generating Unencrypted Public Key Packet
200520 091705.814|INFO|Thread-0|getPublicKeyPacket|checking key:= SunJCE Diffie-Hellman Public Key:
y:
    7770f967 1034f135 611f8fba b71cc69f e6a688db 63dde12c 7f16d331 bab1fa3c
    bac92cb9 702b4b33 0ec573a4 193a7244 5be14f5b 310a428d b501050f c74aa4da
    4b3faf2c 6cc6420c 7d2e12e4 d5c665c9 a2e98ecd 3b5e2f22 76c06982 8a5ae055
    18d4ee09 0dfdf50e 1c624668 68b32387 53498765 e31cc730 4f8e298d 4a8e2789
p:
    f488fd58 4e49dbcd 20b49de4 9107366b 336c380d 451d0f7c 88b31c7c 5b2d8ef6
    f3c923c0 43f0a55b 188d8ebb 558cb85d 38d334fd 7c175743 a31d186c de33212c
    b52aff3c e1b12940 18118d7c 84a70a72 d686c403 19c80729 7aca950c d9969fab
    d00a509b 0246d308 3d66a45d 419f9c7c bd894b22 1926baab a25ec355 e92f78c7
g:
    02
l:
    512
200520 091705.814|INFO|Thread-0|getPublicKeyPacket|packet:= edu.csus.ecs.pc2.core.transport.TransportWrapper@30fba5d1
