200520 091638.516|CONFIG|main|setFileHandlers|Now logging to C:\Users\demid\Desktop\diplom\pc2v9-PC2_RELEASE_9_6_x\bin\profiles\P438aa6f5-49a2-4c55-9355-13ef2b1c1f02 directory.
200520 091638.517|INFO|main|info|
200520 091638.518|INFO|main|info|Version 9.6.0 () Java ver 14.0.1 build 5102 Windows 10 10.0 (amd64) 
200520 091638.519|INFO|main|startLog|Working directory is C:\Users\demid\Desktop\diplom\pc2v9-PC2_RELEASE_9_6_x\bin
200520 091638.520|INFO|main|startLog|Process id is 1468@DESKTOP-PII08I3
200520 094819.449|CONFIG|main|setFileHandlers|Now logging to C:\Users\demid\Desktop\diplom\pc2v9-PC2_RELEASE_9_6_x\bin\profiles\P438aa6f5-49a2-4c55-9355-13ef2b1c1f02 directory.
200520 094819.450|INFO|main|info|
200520 094819.451|INFO|main|info|Version 9.6.0 () Java ver 14.0.1 build 5102 Windows 10 10.0 (amd64) 
200520 094819.451|INFO|main|startLog|Working directory is C:\Users\demid\Desktop\diplom\pc2v9-PC2_RELEASE_9_6_x\bin
200520 094819.452|INFO|main|startLog|Process id is 7920@DESKTOP-PII08I3
200520 204818.147|CONFIG|main|setFileHandlers|Now logging to C:\Users\demid\Desktop\diplom\pc2v9-PC2_RELEASE_9_6_x\bin\profiles\P438aa6f5-49a2-4c55-9355-13ef2b1c1f02 directory.
200520 204818.147|INFO|main|info|
200520 204818.147|INFO|main|info|Version 9.6.0 () Java ver 14.0.1 build 5102 Windows 10 10.0 (amd64) 
200520 204818.147|INFO|main|startLog|Working directory is C:\Users\demid\Desktop\diplom\pc2v9-PC2_RELEASE_9_6_x\bin
200520 204818.147|INFO|main|startLog|Process id is 2752@DESKTOP-PII08I3
200520 223524.437|CONFIG|main|setFileHandlers|Now logging to C:\Users\demid\Desktop\diplom\pc2v9-PC2_RELEASE_9_6_x\bin\profiles\P438aa6f5-49a2-4c55-9355-13ef2b1c1f02 directory.
200520 223524.438|INFO|main|info|
200520 223524.439|INFO|main|info|Version 9.6.0 () Java ver 14.0.1 build 5102 Windows 10 10.0 (amd64) 
200520 223524.439|INFO|main|startLog|Working directory is C:\Users\demid\Desktop\diplom\pc2v9-PC2_RELEASE_9_6_x\bin
200520 223524.440|INFO|main|startLog|Process id is 10380@DESKTOP-PII08I3
200521 081236.377|CONFIG|main|setFileHandlers|Now logging to C:\Users\demid\Desktop\diplom\pc2v9-PC2_RELEASE_9_6_x\bin\profiles\P438aa6f5-49a2-4c55-9355-13ef2b1c1f02 directory.
200521 081236.377|INFO|main|info|
200521 081236.377|INFO|main|info|Version 9.6.0 () Java ver 14.0.1 build 5102 Windows 10 10.0 (amd64) 
200521 081236.377|INFO|main|startLog|Working directory is C:\Users\demid\Desktop\diplom\pc2v9-PC2_RELEASE_9_6_x\bin
200521 081236.377|INFO|main|startLog|Process id is 9496@DESKTOP-PII08I3
200521 120752.374|CONFIG|main|setFileHandlers|Now logging to H:\Университет\8 сем - FINISH!!!\Диплом\pc2v9-PC2_RELEASE_9_6_x\pc2v9-PC2_RELEASE_9_6_x\bin\profiles\P438aa6f5-49a2-4c55-9355-13ef2b1c1f02 directory.
200521 120752.408|INFO|main|info|
200521 120752.409|INFO|main|info|Version 9.6.0 () Java ver 9.0.4 build 5102 Windows 7 6.1 (amd64) 
200521 120752.409|INFO|main|startLog|Working directory is H:\Университет\8 сем - FINISH!!!\Диплом\pc2v9-PC2_RELEASE_9_6_x\pc2v9-PC2_RELEASE_9_6_x\bin
200521 120752.409|INFO|main|startLog|Process id is 11308@admin-ПК
200521 120752.713|WARNING|main|log|verifyImage(images/csus_logo.png)
|java.nio.file.NoSuchFileException: H:\Университет\8 сем - FINISH!!
|    at sun.nio.fs.WindowsException.translateToIOException (Unknown Source)
|    at sun.nio.fs.WindowsException.rethrowAsIOException (Unknown Source)
|    at sun.nio.fs.WindowsException.rethrowAsIOException (Unknown Source)
|    at sun.nio.fs.WindowsFileAttributeViews$Basic.readAttributes (Unknown Source)
|    at sun.nio.fs.WindowsFileAttributeViews$Basic.readAttributes (Unknown Source)
|    at sun.nio.fs.WindowsFileSystemProvider.readAttributes (Unknown Source)
|    at java.nio.file.Files.readAttributes (Unknown Source)
|    at java.util.zip.ZipFile$Source.get (Unknown Source)
|    at java.util.zip.ZipFile.<init> (Unknown Source)
|    at java.util.zip.ZipFile.<init> (Unknown Source)
|    at java.util.jar.JarFile.<init> (Unknown Source)
|    at sun.net.www.protocol.jar.URLJarFile.<init> (Unknown Source)
|    at sun.net.www.protocol.jar.URLJarFile.getJarFile (Unknown Source)
|    at sun.net.www.protocol.jar.JarFileFactory.get (Unknown Source)
|    at sun.net.www.protocol.jar.JarURLConnection.connect (Unknown Source)
|    at sun.net.www.protocol.jar.JarURLConnection.getInputStream (Unknown Source)
|    at java.net.URL.openStream (Unknown Source)
|    at edu.csus.ecs.pc2.ui.LoginFrame.verifyImage (LoginFrame.java:497)
|    at edu.csus.ecs.pc2.ui.LoginFrame.loadImageIconFromFile (LoginFrame.java:463)
|    at edu.csus.ecs.pc2.ui.LoginFrame.getLogoCSUS (LoginFrame.java:435)
|    at edu.csus.ecs.pc2.ui.LoginFrame.getWestPanel (LoginFrame.java:175)
|    at edu.csus.ecs.pc2.ui.LoginFrame.getMainPanel (LoginFrame.java:157)
|    at edu.csus.ecs.pc2.ui.LoginFrame.initialize (LoginFrame.java:123)
|    at edu.csus.ecs.pc2.ui.LoginFrame.<init> (LoginFrame.java:107)
|    at jdk.internal.reflect.NativeConstructorAccessorImpl.newInstance0 (Unknown Source)
|    at jdk.internal.reflect.NativeConstructorAccessorImpl.newInstance (Unknown Source)
|    at jdk.internal.reflect.DelegatingConstructorAccessorImpl.newInstance (Unknown Source)
|    at java.lang.reflect.Constructor.newInstance (Unknown Source)
|    at java.lang.Class.newInstance (Unknown Source)
|    at edu.csus.ecs.pc2.ui.LoadUIClass.loadUIClass (LoadUIClass.java:63)
|    at edu.csus.ecs.pc2.core.InternalController.loadUIClass (InternalController.java:2935)
|    at edu.csus.ecs.pc2.core.InternalController.createLoginFrame (InternalController.java:2927)
|    at edu.csus.ecs.pc2.core.InternalController.start (InternalController.java:2866)
|    at edu.csus.ecs.pc2.Starter.main (Starter.java:49)
200521 120752.715|WARNING|main|warning|images/csus_logo.png(jar:file:/H:/Университет/8%20сем%20-%20FINISH!!!/Диплом/pc2v9-PC2_RELEASE_9_6_x/pc2v9-PC2_RELEASE_9_6_x/lib/pc2.jar!/images/csus_logo.png) checksum failed
200521 120752.717|WARNING|main|log|verifyImage(images/ICPCWebMast_small.png)
|java.nio.file.NoSuchFileException: H:\Университет\8 сем - FINISH!!
|    at sun.nio.fs.WindowsException.translateToIOException (Unknown Source)
|    at sun.nio.fs.WindowsException.rethrowAsIOException (Unknown Source)
|    at sun.nio.fs.WindowsException.rethrowAsIOException (Unknown Source)
|    at sun.nio.fs.WindowsFileAttributeViews$Basic.readAttributes (Unknown Source)
|    at sun.nio.fs.WindowsFileAttributeViews$Basic.readAttributes (Unknown Source)
|    at sun.nio.fs.WindowsFileSystemProvider.readAttributes (Unknown Source)
|    at java.nio.file.Files.readAttributes (Unknown Source)
|    at java.util.zip.ZipFile$Source.get (Unknown Source)
|    at java.util.zip.ZipFile.<init> (Unknown Source)
|    at java.util.zip.ZipFile.<init> (Unknown Source)
|    at java.util.jar.JarFile.<init> (Unknown Source)
|    at sun.net.www.protocol.jar.URLJarFile.<init> (Unknown Source)
|    at sun.net.www.protocol.jar.URLJarFile.getJarFile (Unknown Source)
|    at sun.net.www.protocol.jar.JarFileFactory.get (Unknown Source)
|    at sun.net.www.protocol.jar.JarURLConnection.connect (Unknown Source)
|    at sun.net.www.protocol.jar.JarURLConnection.getInputStream (Unknown Source)
|    at java.net.URL.openStream (Unknown Source)
|    at edu.csus.ecs.pc2.ui.LoginFrame.verifyImage (LoginFrame.java:497)
|    at edu.csus.ecs.pc2.ui.LoginFrame.loadImageIconFromFile (LoginFrame.java:463)
|    at edu.csus.ecs.pc2.ui.LoginFrame.getBottomPanel (LoginFrame.java:574)
|    at edu.csus.ecs.pc2.ui.LoginFrame.getMainPanel (LoginFrame.java:158)
|    at edu.csus.ecs.pc2.ui.LoginFrame.initialize (LoginFrame.java:123)
|    at edu.csus.ecs.pc2.ui.LoginFrame.<init> (LoginFrame.java:107)
|    at jdk.internal.reflect.NativeConstructorAccessorImpl.newInstance0 (Unknown Source)
|    at jdk.internal.reflect.NativeConstructorAccessorImpl.newInstance (Unknown Source)
|    at jdk.internal.reflect.DelegatingConstructorAccessorImpl.newInstance (Unknown Source)
|    at java.lang.reflect.Constructor.newInstance (Unknown Source)
|    at java.lang.Class.newInstance (Unknown Source)
|    at edu.csus.ecs.pc2.ui.LoadUIClass.loadUIClass (LoadUIClass.java:63)
|    at edu.csus.ecs.pc2.core.InternalController.loadUIClass (InternalController.java:2935)
|    at edu.csus.ecs.pc2.core.InternalController.createLoginFrame (InternalController.java:2927)
|    at edu.csus.ecs.pc2.core.InternalController.start (InternalController.java:2866)
|    at edu.csus.ecs.pc2.Starter.main (Starter.java:49)
200521 120752.718|WARNING|main|warning|images/ICPCWebMast_small.png(jar:file:/H:/Университет/8%20сем%20-%20FINISH!!!/Диплом/pc2v9-PC2_RELEASE_9_6_x/pc2v9-PC2_RELEASE_9_6_x/lib/pc2.jar!/images/ICPCWebMast_small.png) checksum failed
200521 172038.763|CONFIG|main|setFileHandlers|Now logging to H:\Университет\8 сем - FINISH!!!\Диплом\pc2v9-PC2_RELEASE_9_6_x\pc2v9-PC2_RELEASE_9_6_x\bin\profiles\P438aa6f5-49a2-4c55-9355-13ef2b1c1f02 directory.
200521 172038.764|INFO|main|info|
200521 172038.764|INFO|main|info|Version 9.6.0 () Java ver 9.0.4 build 5102 Windows 7 6.1 (amd64) 
200521 172038.764|INFO|main|startLog|Working directory is H:\Университет\8 сем - FINISH!!!\Диплом\pc2v9-PC2_RELEASE_9_6_x\pc2v9-PC2_RELEASE_9_6_x\bin
200521 172038.764|INFO|main|startLog|Process id is 15488@admin-ПК
200521 172038.971|WARNING|main|log|verifyImage(images/csus_logo.png)
|java.nio.file.NoSuchFileException: H:\Университет\8 сем - FINISH!!
|    at sun.nio.fs.WindowsException.translateToIOException (Unknown Source)
|    at sun.nio.fs.WindowsException.rethrowAsIOException (Unknown Source)
|    at sun.nio.fs.WindowsException.rethrowAsIOException (Unknown Source)
|    at sun.nio.fs.WindowsFileAttributeViews$Basic.readAttributes (Unknown Source)
|    at sun.nio.fs.WindowsFileAttributeViews$Basic.readAttributes (Unknown Source)
|    at sun.nio.fs.WindowsFileSystemProvider.readAttributes (Unknown Source)
|    at java.nio.file.Files.readAttributes (Unknown Source)
|    at java.util.zip.ZipFile$Source.get (Unknown Source)
|    at java.util.zip.ZipFile.<init> (Unknown Source)
|    at java.util.zip.ZipFile.<init> (Unknown Source)
|    at java.util.jar.JarFile.<init> (Unknown Source)
|    at sun.net.www.protocol.jar.URLJarFile.<init> (Unknown Source)
|    at sun.net.www.protocol.jar.URLJarFile.getJarFile (Unknown Source)
|    at sun.net.www.protocol.jar.JarFileFactory.get (Unknown Source)
|    at sun.net.www.protocol.jar.JarURLConnection.connect (Unknown Source)
|    at sun.net.www.protocol.jar.JarURLConnection.getInputStream (Unknown Source)
|    at java.net.URL.openStream (Unknown Source)
|    at edu.csus.ecs.pc2.ui.LoginFrame.verifyImage (LoginFrame.java:497)
|    at edu.csus.ecs.pc2.ui.LoginFrame.loadImageIconFromFile (LoginFrame.java:463)
|    at edu.csus.ecs.pc2.ui.LoginFrame.getLogoCSUS (LoginFrame.java:435)
|    at edu.csus.ecs.pc2.ui.LoginFrame.getWestPanel (LoginFrame.java:175)
|    at edu.csus.ecs.pc2.ui.LoginFrame.getMainPanel (LoginFrame.java:157)
|    at edu.csus.ecs.pc2.ui.LoginFrame.initialize (LoginFrame.java:123)
|    at edu.csus.ecs.pc2.ui.LoginFrame.<init> (LoginFrame.java:107)
|    at jdk.internal.reflect.NativeConstructorAccessorImpl.newInstance0 (Unknown Source)
|    at jdk.internal.reflect.NativeConstructorAccessorImpl.newInstance (Unknown Source)
|    at jdk.internal.reflect.DelegatingConstructorAccessorImpl.newInstance (Unknown Source)
|    at java.lang.reflect.Constructor.newInstance (Unknown Source)
|    at java.lang.Class.newInstance (Unknown Source)
|    at edu.csus.ecs.pc2.ui.LoadUIClass.loadUIClass (LoadUIClass.java:63)
|    at edu.csus.ecs.pc2.core.InternalController.loadUIClass (InternalController.java:2935)
|    at edu.csus.ecs.pc2.core.InternalController.createLoginFrame (InternalController.java:2927)
|    at edu.csus.ecs.pc2.core.InternalController.start (InternalController.java:2866)
|    at edu.csus.ecs.pc2.Starter.main (Starter.java:49)
200521 172038.972|WARNING|main|warning|images/csus_logo.png(jar:file:/H:/Университет/8%20сем%20-%20FINISH!!!/Диплом/pc2v9-PC2_RELEASE_9_6_x/pc2v9-PC2_RELEASE_9_6_x/lib/pc2.jar!/images/csus_logo.png) checksum failed
200521 172038.974|WARNING|main|log|verifyImage(images/ICPCWebMast_small.png)
|java.nio.file.NoSuchFileException: H:\Университет\8 сем - FINISH!!
|    at sun.nio.fs.WindowsException.translateToIOException (Unknown Source)
|    at sun.nio.fs.WindowsException.rethrowAsIOException (Unknown Source)
|    at sun.nio.fs.WindowsException.rethrowAsIOException (Unknown Source)
|    at sun.nio.fs.WindowsFileAttributeViews$Basic.readAttributes (Unknown Source)
|    at sun.nio.fs.WindowsFileAttributeViews$Basic.readAttributes (Unknown Source)
|    at sun.nio.fs.WindowsFileSystemProvider.readAttributes (Unknown Source)
|    at java.nio.file.Files.readAttributes (Unknown Source)
|    at java.util.zip.ZipFile$Source.get (Unknown Source)
|    at java.util.zip.ZipFile.<init> (Unknown Source)
|    at java.util.zip.ZipFile.<init> (Unknown Source)
|    at java.util.jar.JarFile.<init> (Unknown Source)
|    at sun.net.www.protocol.jar.URLJarFile.<init> (Unknown Source)
|    at sun.net.www.protocol.jar.URLJarFile.getJarFile (Unknown Source)
|    at sun.net.www.protocol.jar.JarFileFactory.get (Unknown Source)
|    at sun.net.www.protocol.jar.JarURLConnection.connect (Unknown Source)
|    at sun.net.www.protocol.jar.JarURLConnection.getInputStream (Unknown Source)
|    at java.net.URL.openStream (Unknown Source)
|    at edu.csus.ecs.pc2.ui.LoginFrame.verifyImage (LoginFrame.java:497)
|    at edu.csus.ecs.pc2.ui.LoginFrame.loadImageIconFromFile (LoginFrame.java:463)
|    at edu.csus.ecs.pc2.ui.LoginFrame.getBottomPanel (LoginFrame.java:574)
|    at edu.csus.ecs.pc2.ui.LoginFrame.getMainPanel (LoginFrame.java:158)
|    at edu.csus.ecs.pc2.ui.LoginFrame.initialize (LoginFrame.java:123)
|    at edu.csus.ecs.pc2.ui.LoginFrame.<init> (LoginFrame.java:107)
|    at jdk.internal.reflect.NativeConstructorAccessorImpl.newInstance0 (Unknown Source)
|    at jdk.internal.reflect.NativeConstructorAccessorImpl.newInstance (Unknown Source)
|    at jdk.internal.reflect.DelegatingConstructorAccessorImpl.newInstance (Unknown Source)
|    at java.lang.reflect.Constructor.newInstance (Unknown Source)
|    at java.lang.Class.newInstance (Unknown Source)
|    at edu.csus.ecs.pc2.ui.LoadUIClass.loadUIClass (LoadUIClass.java:63)
|    at edu.csus.ecs.pc2.core.InternalController.loadUIClass (InternalController.java:2935)
|    at edu.csus.ecs.pc2.core.InternalController.createLoginFrame (InternalController.java:2927)
|    at edu.csus.ecs.pc2.core.InternalController.start (InternalController.java:2866)
|    at edu.csus.ecs.pc2.Starter.main (Starter.java:49)
200521 172038.975|WARNING|main|warning|images/ICPCWebMast_small.png(jar:file:/H:/Университет/8%20сем%20-%20FINISH!!!/Диплом/pc2v9-PC2_RELEASE_9_6_x/pc2v9-PC2_RELEASE_9_6_x/lib/pc2.jar!/images/ICPCWebMast_small.png) checksum failed
200521 172057.455|CONFIG|main|setFileHandlers|Now logging to H:\Университет\8 сем - FINISH!!!\Диплом\pc2v9-PC2_RELEASE_9_6_x\pc2v9-PC2_RELEASE_9_6_x\bin\profiles\P438aa6f5-49a2-4c55-9355-13ef2b1c1f02 directory.
200521 172057.455|INFO|main|info|
200521 172057.456|INFO|main|info|Version 9.6.0 () Java ver 9.0.4 build 5102 Windows 7 6.1 (amd64) 
200521 172057.456|INFO|main|startLog|Working directory is H:\Университет\8 сем - FINISH!!!\Диплом\pc2v9-PC2_RELEASE_9_6_x\pc2v9-PC2_RELEASE_9_6_x\bin
200521 172057.456|INFO|main|startLog|Process id is 16364@admin-ПК
200521 172057.657|WARNING|main|log|verifyImage(images/csus_logo.png)
|java.nio.file.NoSuchFileException: H:\Университет\8 сем - FINISH!!
|    at sun.nio.fs.WindowsException.translateToIOException (Unknown Source)
|    at sun.nio.fs.WindowsException.rethrowAsIOException (Unknown Source)
|    at sun.nio.fs.WindowsException.rethrowAsIOException (Unknown Source)
|    at sun.nio.fs.WindowsFileAttributeViews$Basic.readAttributes (Unknown Source)
|    at sun.nio.fs.WindowsFileAttributeViews$Basic.readAttributes (Unknown Source)
|    at sun.nio.fs.WindowsFileSystemProvider.readAttributes (Unknown Source)
|    at java.nio.file.Files.readAttributes (Unknown Source)
|    at java.util.zip.ZipFile$Source.get (Unknown Source)
|    at java.util.zip.ZipFile.<init> (Unknown Source)
|    at java.util.zip.ZipFile.<init> (Unknown Source)
|    at java.util.jar.JarFile.<init> (Unknown Source)
|    at sun.net.www.protocol.jar.URLJarFile.<init> (Unknown Source)
|    at sun.net.www.protocol.jar.URLJarFile.getJarFile (Unknown Source)
|    at sun.net.www.protocol.jar.JarFileFactory.get (Unknown Source)
|    at sun.net.www.protocol.jar.JarURLConnection.connect (Unknown Source)
|    at sun.net.www.protocol.jar.JarURLConnection.getInputStream (Unknown Source)
|    at java.net.URL.openStream (Unknown Source)
|    at edu.csus.ecs.pc2.ui.LoginFrame.verifyImage (LoginFrame.java:497)
|    at edu.csus.ecs.pc2.ui.LoginFrame.loadImageIconFromFile (LoginFrame.java:463)
|    at edu.csus.ecs.pc2.ui.LoginFrame.getLogoCSUS (LoginFrame.java:435)
|    at edu.csus.ecs.pc2.ui.LoginFrame.getWestPanel (LoginFrame.java:175)
|    at edu.csus.ecs.pc2.ui.LoginFrame.getMainPanel (LoginFrame.java:157)
|    at edu.csus.ecs.pc2.ui.LoginFrame.initialize (LoginFrame.java:123)
|    at edu.csus.ecs.pc2.ui.LoginFrame.<init> (LoginFrame.java:107)
|    at jdk.internal.reflect.NativeConstructorAccessorImpl.newInstance0 (Unknown Source)
|    at jdk.internal.reflect.NativeConstructorAccessorImpl.newInstance (Unknown Source)
|    at jdk.internal.reflect.DelegatingConstructorAccessorImpl.newInstance (Unknown Source)
|    at java.lang.reflect.Constructor.newInstance (Unknown Source)
|    at java.lang.Class.newInstance (Unknown Source)
|    at edu.csus.ecs.pc2.ui.LoadUIClass.loadUIClass (LoadUIClass.java:63)
|    at edu.csus.ecs.pc2.core.InternalController.loadUIClass (InternalController.java:2935)
|    at edu.csus.ecs.pc2.core.InternalController.createLoginFrame (InternalController.java:2927)
|    at edu.csus.ecs.pc2.core.InternalController.start (InternalController.java:2866)
|    at edu.csus.ecs.pc2.Starter.main (Starter.java:49)
200521 172057.659|WARNING|main|warning|images/csus_logo.png(jar:file:/H:/Университет/8%20сем%20-%20FINISH!!!/Диплом/pc2v9-PC2_RELEASE_9_6_x/pc2v9-PC2_RELEASE_9_6_x/lib/pc2.jar!/images/csus_logo.png) checksum failed
200521 172057.660|WARNING|main|log|verifyImage(images/ICPCWebMast_small.png)
|java.nio.file.NoSuchFileException: H:\Университет\8 сем - FINISH!!
|    at sun.nio.fs.WindowsException.translateToIOException (Unknown Source)
|    at sun.nio.fs.WindowsException.rethrowAsIOException (Unknown Source)
|    at sun.nio.fs.WindowsException.rethrowAsIOException (Unknown Source)
|    at sun.nio.fs.WindowsFileAttributeViews$Basic.readAttributes (Unknown Source)
|    at sun.nio.fs.WindowsFileAttributeViews$Basic.readAttributes (Unknown Source)
|    at sun.nio.fs.WindowsFileSystemProvider.readAttributes (Unknown Source)
|    at java.nio.file.Files.readAttributes (Unknown Source)
|    at java.util.zip.ZipFile$Source.get (Unknown Source)
|    at java.util.zip.ZipFile.<init> (Unknown Source)
|    at java.util.zip.ZipFile.<init> (Unknown Source)
|    at java.util.jar.JarFile.<init> (Unknown Source)
|    at sun.net.www.protocol.jar.URLJarFile.<init> (Unknown Source)
|    at sun.net.www.protocol.jar.URLJarFile.getJarFile (Unknown Source)
|    at sun.net.www.protocol.jar.JarFileFactory.get (Unknown Source)
|    at sun.net.www.protocol.jar.JarURLConnection.connect (Unknown Source)
|    at sun.net.www.protocol.jar.JarURLConnection.getInputStream (Unknown Source)
|    at java.net.URL.openStream (Unknown Source)
|    at edu.csus.ecs.pc2.ui.LoginFrame.verifyImage (LoginFrame.java:497)
|    at edu.csus.ecs.pc2.ui.LoginFrame.loadImageIconFromFile (LoginFrame.java:463)
|    at edu.csus.ecs.pc2.ui.LoginFrame.getBottomPanel (LoginFrame.java:574)
|    at edu.csus.ecs.pc2.ui.LoginFrame.getMainPanel (LoginFrame.java:158)
|    at edu.csus.ecs.pc2.ui.LoginFrame.initialize (LoginFrame.java:123)
|    at edu.csus.ecs.pc2.ui.LoginFrame.<init> (LoginFrame.java:107)
|    at jdk.internal.reflect.NativeConstructorAccessorImpl.newInstance0 (Unknown Source)
|    at jdk.internal.reflect.NativeConstructorAccessorImpl.newInstance (Unknown Source)
|    at jdk.internal.reflect.DelegatingConstructorAccessorImpl.newInstance (Unknown Source)
|    at java.lang.reflect.Constructor.newInstance (Unknown Source)
|    at java.lang.Class.newInstance (Unknown Source)
|    at edu.csus.ecs.pc2.ui.LoadUIClass.loadUIClass (LoadUIClass.java:63)
|    at edu.csus.ecs.pc2.core.InternalController.loadUIClass (InternalController.java:2935)
|    at edu.csus.ecs.pc2.core.InternalController.createLoginFrame (InternalController.java:2927)
|    at edu.csus.ecs.pc2.core.InternalController.start (InternalController.java:2866)
|    at edu.csus.ecs.pc2.Starter.main (Starter.java:49)
200521 172057.661|WARNING|main|warning|images/ICPCWebMast_small.png(jar:file:/H:/Университет/8%20сем%20-%20FINISH!!!/Диплом/pc2v9-PC2_RELEASE_9_6_x/pc2v9-PC2_RELEASE_9_6_x/lib/pc2.jar!/images/ICPCWebMast_small.png) checksum failed
200521 172325.818|CONFIG|main|setFileHandlers|Now logging to H:\Университет\8 сем - FINISH!!!\Диплом\pc2v9-PC2_RELEASE_9_6_x\pc2v9-PC2_RELEASE_9_6_x\bin\profiles\P438aa6f5-49a2-4c55-9355-13ef2b1c1f02 directory.
200521 172325.818|INFO|main|info|
200521 172325.818|INFO|main|info|Version 9.6.0 () Java ver 9.0.4 build 5102 Windows 7 6.1 (amd64) 
200521 172325.819|INFO|main|startLog|Working directory is H:\Университет\8 сем - FINISH!!!\Диплом\pc2v9-PC2_RELEASE_9_6_x\pc2v9-PC2_RELEASE_9_6_x\bin
200521 172325.819|INFO|main|startLog|Process id is 9840@admin-ПК
200521 172326.019|WARNING|main|log|verifyImage(images/csus_logo.png)
|java.nio.file.NoSuchFileException: H:\Университет\8 сем - FINISH!!
|    at sun.nio.fs.WindowsException.translateToIOException (Unknown Source)
|    at sun.nio.fs.WindowsException.rethrowAsIOException (Unknown Source)
|    at sun.nio.fs.WindowsException.rethrowAsIOException (Unknown Source)
|    at sun.nio.fs.WindowsFileAttributeViews$Basic.readAttributes (Unknown Source)
|    at sun.nio.fs.WindowsFileAttributeViews$Basic.readAttributes (Unknown Source)
|    at sun.nio.fs.WindowsFileSystemProvider.readAttributes (Unknown Source)
|    at java.nio.file.Files.readAttributes (Unknown Source)
|    at java.util.zip.ZipFile$Source.get (Unknown Source)
|    at java.util.zip.ZipFile.<init> (Unknown Source)
|    at java.util.zip.ZipFile.<init> (Unknown Source)
|    at java.util.jar.JarFile.<init> (Unknown Source)
|    at sun.net.www.protocol.jar.URLJarFile.<init> (Unknown Source)
|    at sun.net.www.protocol.jar.URLJarFile.getJarFile (Unknown Source)
|    at sun.net.www.protocol.jar.JarFileFactory.get (Unknown Source)
|    at sun.net.www.protocol.jar.JarURLConnection.connect (Unknown Source)
|    at sun.net.www.protocol.jar.JarURLConnection.getInputStream (Unknown Source)
|    at java.net.URL.openStream (Unknown Source)
|    at edu.csus.ecs.pc2.ui.LoginFrame.verifyImage (LoginFrame.java:497)
|    at edu.csus.ecs.pc2.ui.LoginFrame.loadImageIconFromFile (LoginFrame.java:463)
|    at edu.csus.ecs.pc2.ui.LoginFrame.getLogoCSUS (LoginFrame.java:435)
|    at edu.csus.ecs.pc2.ui.LoginFrame.getWestPanel (LoginFrame.java:175)
|    at edu.csus.ecs.pc2.ui.LoginFrame.getMainPanel (LoginFrame.java:157)
|    at edu.csus.ecs.pc2.ui.LoginFrame.initialize (LoginFrame.java:123)
|    at edu.csus.ecs.pc2.ui.LoginFrame.<init> (LoginFrame.java:107)
|    at jdk.internal.reflect.NativeConstructorAccessorImpl.newInstance0 (Unknown Source)
|    at jdk.internal.reflect.NativeConstructorAccessorImpl.newInstance (Unknown Source)
|    at jdk.internal.reflect.DelegatingConstructorAccessorImpl.newInstance (Unknown Source)
|    at java.lang.reflect.Constructor.newInstance (Unknown Source)
|    at java.lang.Class.newInstance (Unknown Source)
|    at edu.csus.ecs.pc2.ui.LoadUIClass.loadUIClass (LoadUIClass.java:63)
|    at edu.csus.ecs.pc2.core.InternalController.loadUIClass (InternalController.java:2935)
|    at edu.csus.ecs.pc2.core.InternalController.createLoginFrame (InternalController.java:2927)
|    at edu.csus.ecs.pc2.core.InternalController.start (InternalController.java:2866)
|    at edu.csus.ecs.pc2.Starter.main (Starter.java:49)
200521 172326.020|WARNING|main|warning|images/csus_logo.png(jar:file:/H:/Университет/8%20сем%20-%20FINISH!!!/Диплом/pc2v9-PC2_RELEASE_9_6_x/pc2v9-PC2_RELEASE_9_6_x/lib/pc2.jar!/images/csus_logo.png) checksum failed
200521 172326.022|WARNING|main|log|verifyImage(images/ICPCWebMast_small.png)
|java.nio.file.NoSuchFileException: H:\Университет\8 сем - FINISH!!
|    at sun.nio.fs.WindowsException.translateToIOException (Unknown Source)
|    at sun.nio.fs.WindowsException.rethrowAsIOException (Unknown Source)
|    at sun.nio.fs.WindowsException.rethrowAsIOException (Unknown Source)
|    at sun.nio.fs.WindowsFileAttributeViews$Basic.readAttributes (Unknown Source)
|    at sun.nio.fs.WindowsFileAttributeViews$Basic.readAttributes (Unknown Source)
|    at sun.nio.fs.WindowsFileSystemProvider.readAttributes (Unknown Source)
|    at java.nio.file.Files.readAttributes (Unknown Source)
|    at java.util.zip.ZipFile$Source.get (Unknown Source)
|    at java.util.zip.ZipFile.<init> (Unknown Source)
|    at java.util.zip.ZipFile.<init> (Unknown Source)
|    at java.util.jar.JarFile.<init> (Unknown Source)
|    at sun.net.www.protocol.jar.URLJarFile.<init> (Unknown Source)
|    at sun.net.www.protocol.jar.URLJarFile.getJarFile (Unknown Source)
|    at sun.net.www.protocol.jar.JarFileFactory.get (Unknown Source)
|    at sun.net.www.protocol.jar.JarURLConnection.connect (Unknown Source)
|    at sun.net.www.protocol.jar.JarURLConnection.getInputStream (Unknown Source)
|    at java.net.URL.openStream (Unknown Source)
|    at edu.csus.ecs.pc2.ui.LoginFrame.verifyImage (LoginFrame.java:497)
|    at edu.csus.ecs.pc2.ui.LoginFrame.loadImageIconFromFile (LoginFrame.java:463)
|    at edu.csus.ecs.pc2.ui.LoginFrame.getBottomPanel (LoginFrame.java:574)
|    at edu.csus.ecs.pc2.ui.LoginFrame.getMainPanel (LoginFrame.java:158)
|    at edu.csus.ecs.pc2.ui.LoginFrame.initialize (LoginFrame.java:123)
|    at edu.csus.ecs.pc2.ui.LoginFrame.<init> (LoginFrame.java:107)
|    at jdk.internal.reflect.NativeConstructorAccessorImpl.newInstance0 (Unknown Source)
|    at jdk.internal.reflect.NativeConstructorAccessorImpl.newInstance (Unknown Source)
|    at jdk.internal.reflect.DelegatingConstructorAccessorImpl.newInstance (Unknown Source)
|    at java.lang.reflect.Constructor.newInstance (Unknown Source)
|    at java.lang.Class.newInstance (Unknown Source)
|    at edu.csus.ecs.pc2.ui.LoadUIClass.loadUIClass (LoadUIClass.java:63)
|    at edu.csus.ecs.pc2.core.InternalController.loadUIClass (InternalController.java:2935)
|    at edu.csus.ecs.pc2.core.InternalController.createLoginFrame (InternalController.java:2927)
|    at edu.csus.ecs.pc2.core.InternalController.start (InternalController.java:2866)
|    at edu.csus.ecs.pc2.Starter.main (Starter.java:49)
200521 172326.023|WARNING|main|warning|images/ICPCWebMast_small.png(jar:file:/H:/Университет/8%20сем%20-%20FINISH!!!/Диплом/pc2v9-PC2_RELEASE_9_6_x/pc2v9-PC2_RELEASE_9_6_x/lib/pc2.jar!/images/ICPCWebMast_small.png) checksum failed
